<?xml version="1.0" encoding="utf-8" standalone="no"?>
<test-results xmlns:xsi="http://www.w3.org/2001/XMLSchema-instance" xsi:noNamespaceSchemaLocation="nunit_schema_2.5.xsd" name="Pester" total="165" errors="0" failures="0" not-run="0" inconclusive="0" ignored="0" skipped="0" invalid="0" date="2019-06-29" time="13:45:11">
  <environment user="appveyor" machine-name="APPVYR-WIN" cwd="C:\projects\powershell-module" user-domain="APPVYR-WIN" platform="Microsoft Windows Server 2012 R2 Datacenter|C:\windows|\Device\Harddisk0\Partition5" nunit-version="2.5.8.0" os-version="6.3.9600" clr-version="4.0.30319.42000" />
  <culture-info current-culture="en-US" current-uiculture="en-US" />
  <test-suite type="TestFixture" name="Pester" executed="True" result="Success" success="True" time="12.0066" asserts="0" description="Pester">
    <results>
      <test-suite type="TestFixture" name="C:\projects\powershell-module\tests\Export-RubrikVM.Tests.ps1" executed="True" result="Success" success="True" time="1.6981" asserts="0" description="C:\projects\powershell-module\tests\Export-RubrikVM.Tests.ps1">
        <results>
          <test-suite type="TestFixture" name="Public/Export-RubrikVM" executed="True" result="Success" success="True" time="1.2323" asserts="0" description="Public/Export-RubrikVM">
            <results>
              <test-suite type="TestFixture" name="Parameters" executed="True" result="Success" success="True" time="1.1414" asserts="0" description="Parameters">
                <results>
                  <test-suite type="TestFixture" name="Parameter Validation" executed="True" result="Success" success="True" time="0.0978" asserts="0" description="Parameter Validation">
                    <results>
                      <test-case description="Parameter id cannot be $null or empty" name="Public/Export-RubrikVM.Parameters.Parameter Validation.Parameter id cannot be $null or empty" time="0.0425" asserts="0" success="True" result="Success" executed="True" />
                      <test-case description="Parameter DatastoreId cannot be $null or empty" name="Public/Export-RubrikVM.Parameters.Parameter Validation.Parameter DatastoreId cannot be $null or empty" time="0.004" asserts="0" success="True" result="Success" executed="True" />
                    </results>
                  </test-suite>
                  <test-case description="Should Return status of QUEUED" name="Public/Export-RubrikVM.Parameters.Should Return status of QUEUED" time="0.5484" asserts="0" success="True" result="Success" executed="True" />
                </results>
              </test-suite>
            </results>
          </test-suite>
        </results>
      </test-suite>
      <test-suite type="TestFixture" name="C:\projects\powershell-module\tests\Get-RubrikAPIData.Tests.ps1" executed="True" result="Success" success="True" time="3.1383" asserts="0" description="C:\projects\powershell-module\tests\Get-RubrikAPIData.Tests.ps1">
        <results>
          <test-suite type="TestFixture" name="Private/Get-RubrikAPIData" executed="True" result="Success" success="True" time="2.872" asserts="0" description="Private/Get-RubrikAPIData">
            <results>
              <test-suite type="TestFixture" name="Function specific tests" executed="True" result="Success" success="True" time="2.7723" asserts="0" description="Function specific tests">
                <results>
                  <test-suite type="ParameterizedTest" name="Private/Get-RubrikAPIData.Function specific tests.Get-RubrikAPIData - &lt;f&gt; test" executed="True" result="Success" success="True" time="1.707" asserts="0" description="Get-RubrikAPIData - &lt;f&gt; test">
                    <results>
                      <test-case description="Get-RubrikAPIData - Connect-Rubrik test" name="Private/Get-RubrikAPIData.Function specific tests.Get-RubrikAPIData - Connect-Rubrik test" time="0.0461" asserts="0" success="True" result="Success" executed="True" />
                      <test-case description="Get-RubrikAPIData - Disconnect-Rubrik test" name="Private/Get-RubrikAPIData.Function specific tests.Get-RubrikAPIData - Disconnect-Rubrik test" time="0.0217" asserts="0" success="True" result="Success" executed="True" />
                      <test-case description="Get-RubrikAPIData - Export-RubrikDatabase test" name="Private/Get-RubrikAPIData.Function specific tests.Get-RubrikAPIData - Export-RubrikDatabase test" time="0.0173" asserts="0" success="True" result="Success" executed="True" />
                      <test-case description="Get-RubrikAPIData - Export-RubrikReport test" name="Private/Get-RubrikAPIData.Function specific tests.Get-RubrikAPIData - Export-RubrikReport test" time="0.0226" asserts="0" success="True" result="Success" executed="True" />
                      <test-case description="Get-RubrikAPIData - Export-RubrikVM test" name="Private/Get-RubrikAPIData.Function specific tests.Get-RubrikAPIData - Export-RubrikVM test" time="0.015" asserts="0" success="True" result="Success" executed="True" />
                      <test-case description="Get-RubrikAPIData - Get-RubrikAPIToken test" name="Private/Get-RubrikAPIData.Function specific tests.Get-RubrikAPIData - Get-RubrikAPIToken test" time="0.0209" asserts="0" success="True" result="Success" executed="True" />
                      <test-case description="Get-RubrikAPIData - Get-RubrikAPIVersion test" name="Private/Get-RubrikAPIData.Function specific tests.Get-RubrikAPIData - Get-RubrikAPIVersion test" time="0.0158" asserts="0" success="True" result="Success" executed="True" />
                      <test-case description="Get-RubrikAPIData - Get-RubrikAvailabilityGroup test" name="Private/Get-RubrikAPIData.Function specific tests.Get-RubrikAPIData - Get-RubrikAvailabilityGroup test" time="0.0143" asserts="0" success="True" result="Success" executed="True" />
                      <test-case description="Get-RubrikAPIData - Get-RubrikDatabase test" name="Private/Get-RubrikAPIData.Function specific tests.Get-RubrikAPIData - Get-RubrikDatabase test" time="0.015" asserts="0" success="True" result="Success" executed="True" />
                      <test-case description="Get-RubrikAPIData - Get-RubrikDatabaseFiles test" name="Private/Get-RubrikAPIData.Function specific tests.Get-RubrikAPIData - Get-RubrikDatabaseFiles test" time="0.0149" asserts="0" success="True" result="Success" executed="True" />
                      <test-case description="Get-RubrikAPIData - Get-RubrikDatabaseMount test" name="Private/Get-RubrikAPIData.Function specific tests.Get-RubrikAPIData - Get-RubrikDatabaseMount test" time="0.0178" asserts="0" success="True" result="Success" executed="True" />
                      <test-case description="Get-RubrikAPIData - Get-RubrikDatabaseRecoverableRange test" name="Private/Get-RubrikAPIData.Function specific tests.Get-RubrikAPIData - Get-RubrikDatabaseRecoverableRange test" time="0.0164" asserts="0" success="True" result="Success" executed="True" />
                      <test-case description="Get-RubrikAPIData - Get-RubrikEvent test" name="Private/Get-RubrikAPIData.Function specific tests.Get-RubrikAPIData - Get-RubrikEvent test" time="0.0166" asserts="0" success="True" result="Success" executed="True" />
                      <test-case description="Get-RubrikAPIData - Get-RubrikFileset test" name="Private/Get-RubrikAPIData.Function specific tests.Get-RubrikAPIData - Get-RubrikFileset test" time="0.0164" asserts="0" success="True" result="Success" executed="True" />
                      <test-case description="Get-RubrikAPIData - Get-RubrikFilesetTemplate test" name="Private/Get-RubrikAPIData.Function specific tests.Get-RubrikAPIData - Get-RubrikFilesetTemplate test" time="0.0659" asserts="0" success="True" result="Success" executed="True" />
                      <test-case description="Get-RubrikAPIData - Get-RubrikHost test" name="Private/Get-RubrikAPIData.Function specific tests.Get-RubrikAPIData - Get-RubrikHost test" time="0.0166" asserts="0" success="True" result="Success" executed="True" />
                      <test-case description="Get-RubrikAPIData - Get-RubrikHyperVVM test" name="Private/Get-RubrikAPIData.Function specific tests.Get-RubrikAPIData - Get-RubrikHyperVVM test" time="0.0153" asserts="0" success="True" result="Success" executed="True" />
                      <test-case description="Get-RubrikAPIData - Get-RubrikLDAP test" name="Private/Get-RubrikAPIData.Function specific tests.Get-RubrikAPIData - Get-RubrikLDAP test" time="0.016" asserts="0" success="True" result="Success" executed="True" />
                      <test-case description="Get-RubrikAPIData - Get-RubrikLogShipping test" name="Private/Get-RubrikAPIData.Function specific tests.Get-RubrikAPIData - Get-RubrikLogShipping test" time="0.0144" asserts="0" success="True" result="Success" executed="True" />
                      <test-case description="Get-RubrikAPIData - Get-RubrikManagedVolume test" name="Private/Get-RubrikAPIData.Function specific tests.Get-RubrikAPIData - Get-RubrikManagedVolume test" time="0.014" asserts="0" success="True" result="Success" executed="True" />
                      <test-case description="Get-RubrikAPIData - Get-RubrikManagedVolumeExport test" name="Private/Get-RubrikAPIData.Function specific tests.Get-RubrikAPIData - Get-RubrikManagedVolumeExport test" time="0.0161" asserts="0" success="True" result="Success" executed="True" />
                      <test-case description="Get-RubrikAPIData - Get-RubrikMount test" name="Private/Get-RubrikAPIData.Function specific tests.Get-RubrikAPIData - Get-RubrikMount test" time="0.0188" asserts="0" success="True" result="Success" executed="True" />
                      <test-case description="Get-RubrikAPIData - Get-RubrikNASShare test" name="Private/Get-RubrikAPIData.Function specific tests.Get-RubrikAPIData - Get-RubrikNASShare test" time="0.0172" asserts="0" success="True" result="Success" executed="True" />
                      <test-case description="Get-RubrikAPIData - Get-RubrikNutanixVM test" name="Private/Get-RubrikAPIData.Function specific tests.Get-RubrikAPIData - Get-RubrikNutanixVM test" time="0.0149" asserts="0" success="True" result="Success" executed="True" />
                      <test-case description="Get-RubrikAPIData - Get-RubrikOracleDB test" name="Private/Get-RubrikAPIData.Function specific tests.Get-RubrikAPIData - Get-RubrikOracleDB test" time="0.0195" asserts="0" success="True" result="Success" executed="True" />
                      <test-case description="Get-RubrikAPIData - Get-RubrikOrganization test" name="Private/Get-RubrikAPIData.Function specific tests.Get-RubrikAPIData - Get-RubrikOrganization test" time="0.0141" asserts="0" success="True" result="Success" executed="True" />
                      <test-case description="Get-RubrikAPIData - Get-RubrikReport test" name="Private/Get-RubrikAPIData.Function specific tests.Get-RubrikAPIData - Get-RubrikReport test" time="0.0148" asserts="0" success="True" result="Success" executed="True" />
                      <test-case description="Get-RubrikAPIData - Get-RubrikReportData test" name="Private/Get-RubrikAPIData.Function specific tests.Get-RubrikAPIData - Get-RubrikReportData test" time="0.0138" asserts="0" success="True" result="Success" executed="True" />
                      <test-case description="Get-RubrikAPIData - Get-RubrikRequest test" name="Private/Get-RubrikAPIData.Function specific tests.Get-RubrikAPIData - Get-RubrikRequest test" time="0.0149" asserts="0" success="True" result="Success" executed="True" />
                      <test-case description="Get-RubrikAPIData - Get-RubrikSetting test" name="Private/Get-RubrikAPIData.Function specific tests.Get-RubrikAPIData - Get-RubrikSetting test" time="0.0137" asserts="0" success="True" result="Success" executed="True" />
                      <test-case description="Get-RubrikAPIData - Get-RubrikSLA test" name="Private/Get-RubrikAPIData.Function specific tests.Get-RubrikAPIData - Get-RubrikSLA test" time="0.02" asserts="0" success="True" result="Success" executed="True" />
                      <test-case description="Get-RubrikAPIData - Get-RubrikSnapshot test" name="Private/Get-RubrikAPIData.Function specific tests.Get-RubrikAPIData - Get-RubrikSnapshot test" time="0.0131" asserts="0" success="True" result="Success" executed="True" />
                      <test-case description="Get-RubrikAPIData - Get-RubrikSoftwareVersion test" name="Private/Get-RubrikAPIData.Function specific tests.Get-RubrikAPIData - Get-RubrikSoftwareVersion test" time="0.0134" asserts="0" success="True" result="Success" executed="True" />
                      <test-case description="Get-RubrikAPIData - Get-RubrikSQLInstance test" name="Private/Get-RubrikAPIData.Function specific tests.Get-RubrikAPIData - Get-RubrikSQLInstance test" time="0.0135" asserts="0" success="True" result="Success" executed="True" />
                      <test-case description="Get-RubrikAPIData - Get-RubrikSupportTunnel test" name="Private/Get-RubrikAPIData.Function specific tests.Get-RubrikAPIData - Get-RubrikSupportTunnel test" time="0.0135" asserts="0" success="True" result="Success" executed="True" />
                      <test-case description="Get-RubrikAPIData - Get-RubrikUnmanagedObject test" name="Private/Get-RubrikAPIData.Function specific tests.Get-RubrikAPIData - Get-RubrikUnmanagedObject test" time="0.024" asserts="0" success="True" result="Success" executed="True" />
                      <test-case description="Get-RubrikAPIData - Get-RubrikVCenter test" name="Private/Get-RubrikAPIData.Function specific tests.Get-RubrikAPIData - Get-RubrikVCenter test" time="0.0145" asserts="0" success="True" result="Success" executed="True" />
                      <test-case description="Get-RubrikAPIData - Get-RubrikVersion test" name="Private/Get-RubrikAPIData.Function specific tests.Get-RubrikAPIData - Get-RubrikVersion test" time="0.0197" asserts="0" success="True" result="Success" executed="True" />
                      <test-case description="Get-RubrikAPIData - Get-RubrikVM test" name="Private/Get-RubrikAPIData.Function specific tests.Get-RubrikAPIData - Get-RubrikVM test" time="0.0137" asserts="0" success="True" result="Success" executed="True" />
                      <test-case description="Get-RubrikAPIData - Get-RubrikVMSnapshot test" name="Private/Get-RubrikAPIData.Function specific tests.Get-RubrikAPIData - Get-RubrikVMSnapshot test" time="0.0163" asserts="0" success="True" result="Success" executed="True" />
                      <test-case description="Get-RubrikAPIData - Get-RubrikVMwareDatastore test" name="Private/Get-RubrikAPIData.Function specific tests.Get-RubrikAPIData - Get-RubrikVMwareDatastore test" time="0.0135" asserts="0" success="True" result="Success" executed="True" />
                      <test-case description="Get-RubrikAPIData - Get-RubrikVMwareHost test" name="Private/Get-RubrikAPIData.Function specific tests.Get-RubrikAPIData - Get-RubrikVMwareHost test" time="0.0173" asserts="0" success="True" result="Success" executed="True" />
                      <test-case description="Get-RubrikAPIData - Get-RubrikVolumeGroup test" name="Private/Get-RubrikAPIData.Function specific tests.Get-RubrikAPIData - Get-RubrikVolumeGroup test" time="0.0139" asserts="0" success="True" result="Success" executed="True" />
                      <test-case description="Get-RubrikAPIData - Get-RubrikVolumeGroupMount test" name="Private/Get-RubrikAPIData.Function specific tests.Get-RubrikAPIData - Get-RubrikVolumeGroupMount test" time="0.0172" asserts="0" success="True" result="Success" executed="True" />
                      <test-case description="Get-RubrikAPIData - New-RubrikAPIToken test" name="Private/Get-RubrikAPIData.Function specific tests.Get-RubrikAPIData - New-RubrikAPIToken test" time="0.0148" asserts="0" success="True" result="Success" executed="True" />
                      <test-case description="Get-RubrikAPIData - New-RubrikDatabaseMount test" name="Private/Get-RubrikAPIData.Function specific tests.Get-RubrikAPIData - New-RubrikDatabaseMount test" time="0.018" asserts="0" success="True" result="Success" executed="True" />
                      <test-case description="Get-RubrikAPIData - New-RubrikFileset test" name="Private/Get-RubrikAPIData.Function specific tests.Get-RubrikAPIData - New-RubrikFileset test" time="0.0132" asserts="0" success="True" result="Success" executed="True" />
                      <test-case description="Get-RubrikAPIData - New-RubrikFilesetTemplate test" name="Private/Get-RubrikAPIData.Function specific tests.Get-RubrikAPIData - New-RubrikFilesetTemplate test" time="0.0181" asserts="0" success="True" result="Success" executed="True" />
                      <test-case description="Get-RubrikAPIData - New-RubrikHost test" name="Private/Get-RubrikAPIData.Function specific tests.Get-RubrikAPIData - New-RubrikHost test" time="0.0146" asserts="0" success="True" result="Success" executed="True" />
                      <test-case description="Get-RubrikAPIData - New-RubrikLDAP test" name="Private/Get-RubrikAPIData.Function specific tests.Get-RubrikAPIData - New-RubrikLDAP test" time="0.0139" asserts="0" success="True" result="Success" executed="True" />
                      <test-case description="Get-RubrikAPIData - New-RubrikLogBackup test" name="Private/Get-RubrikAPIData.Function specific tests.Get-RubrikAPIData - New-RubrikLogBackup test" time="0.0209" asserts="0" success="True" result="Success" executed="True" />
                      <test-case description="Get-RubrikAPIData - New-RubrikLogShipping test" name="Private/Get-RubrikAPIData.Function specific tests.Get-RubrikAPIData - New-RubrikLogShipping test" time="0.0162" asserts="0" success="True" result="Success" executed="True" />
                      <test-case description="Get-RubrikAPIData - New-RubrikManagedVolume test" name="Private/Get-RubrikAPIData.Function specific tests.Get-RubrikAPIData - New-RubrikManagedVolume test" time="0.0264" asserts="0" success="True" result="Success" executed="True" />
                      <test-case description="Get-RubrikAPIData - New-RubrikManagedVolumeExport test" name="Private/Get-RubrikAPIData.Function specific tests.Get-RubrikAPIData - New-RubrikManagedVolumeExport test" time="0.0197" asserts="0" success="True" result="Success" executed="True" />
                      <test-case description="Get-RubrikAPIData - New-RubrikMount test" name="Private/Get-RubrikAPIData.Function specific tests.Get-RubrikAPIData - New-RubrikMount test" time="0.0139" asserts="0" success="True" result="Success" executed="True" />
                      <test-case description="Get-RubrikAPIData - New-RubrikNASShare test" name="Private/Get-RubrikAPIData.Function specific tests.Get-RubrikAPIData - New-RubrikNASShare test" time="0.014" asserts="0" success="True" result="Success" executed="True" />
                      <test-case description="Get-RubrikAPIData - New-RubrikReport test" name="Private/Get-RubrikAPIData.Function specific tests.Get-RubrikAPIData - New-RubrikReport test" time="0.0169" asserts="0" success="True" result="Success" executed="True" />
                      <test-case description="Get-RubrikAPIData - New-RubrikSLA test" name="Private/Get-RubrikAPIData.Function specific tests.Get-RubrikAPIData - New-RubrikSLA test" time="0.0205" asserts="0" success="True" result="Success" executed="True" />
                      <test-case description="Get-RubrikAPIData - New-RubrikSnapshot test" name="Private/Get-RubrikAPIData.Function specific tests.Get-RubrikAPIData - New-RubrikSnapshot test" time="0.0196" asserts="0" success="True" result="Success" executed="True" />
                      <test-case description="Get-RubrikAPIData - New-RubrikVCenter test" name="Private/Get-RubrikAPIData.Function specific tests.Get-RubrikAPIData - New-RubrikVCenter test" time="0.015" asserts="0" success="True" result="Success" executed="True" />
                      <test-case description="Get-RubrikAPIData - New-RubrikVMDKMount test" name="Private/Get-RubrikAPIData.Function specific tests.Get-RubrikAPIData - New-RubrikVMDKMount test" time="0.0177" asserts="0" success="True" result="Success" executed="True" />
                      <test-case description="Get-RubrikAPIData - New-RubrikVolumeGroupMount test" name="Private/Get-RubrikAPIData.Function specific tests.Get-RubrikAPIData - New-RubrikVolumeGroupMount test" time="0.0163" asserts="0" success="True" result="Success" executed="True" />
                      <test-case description="Get-RubrikAPIData - Protect-RubrikDatabase test" name="Private/Get-RubrikAPIData.Function specific tests.Get-RubrikAPIData - Protect-RubrikDatabase test" time="0.0177" asserts="0" success="True" result="Success" executed="True" />
                      <test-case description="Get-RubrikAPIData - Protect-RubrikFileset test" name="Private/Get-RubrikAPIData.Function specific tests.Get-RubrikAPIData - Protect-RubrikFileset test" time="0.0268" asserts="0" success="True" result="Success" executed="True" />
                      <test-case description="Get-RubrikAPIData - Protect-RubrikHyperVVM test" name="Private/Get-RubrikAPIData.Function specific tests.Get-RubrikAPIData - Protect-RubrikHyperVVM test" time="0.0146" asserts="0" success="True" result="Success" executed="True" />
                      <test-case description="Get-RubrikAPIData - Protect-RubrikNutanixVM test" name="Private/Get-RubrikAPIData.Function specific tests.Get-RubrikAPIData - Protect-RubrikNutanixVM test" time="0.0132" asserts="0" success="True" result="Success" executed="True" />
                      <test-case description="Get-RubrikAPIData - Protect-RubrikTag test" name="Private/Get-RubrikAPIData.Function specific tests.Get-RubrikAPIData - Protect-RubrikTag test" time="0.0127" asserts="0" success="True" result="Success" executed="True" />
                      <test-case description="Get-RubrikAPIData - Protect-RubrikVM test" name="Private/Get-RubrikAPIData.Function specific tests.Get-RubrikAPIData - Protect-RubrikVM test" time="0.0129" asserts="0" success="True" result="Success" executed="True" />
                      <test-case description="Get-RubrikAPIData - Remove-RubrikAPIToken test" name="Private/Get-RubrikAPIData.Function specific tests.Get-RubrikAPIData - Remove-RubrikAPIToken test" time="0.0122" asserts="0" success="True" result="Success" executed="True" />
                      <test-case description="Get-RubrikAPIData - Remove-RubrikDatabaseMount test" name="Private/Get-RubrikAPIData.Function specific tests.Get-RubrikAPIData - Remove-RubrikDatabaseMount test" time="0.0125" asserts="0" success="True" result="Success" executed="True" />
                      <test-case description="Get-RubrikAPIData - Remove-RubrikFileset test" name="Private/Get-RubrikAPIData.Function specific tests.Get-RubrikAPIData - Remove-RubrikFileset test" time="0.0124" asserts="0" success="True" result="Success" executed="True" />
                      <test-case description="Get-RubrikAPIData - Remove-RubrikHost test" name="Private/Get-RubrikAPIData.Function specific tests.Get-RubrikAPIData - Remove-RubrikHost test" time="0.0126" asserts="0" success="True" result="Success" executed="True" />
                      <test-case description="Get-RubrikAPIData - Remove-RubrikLogShipping test" name="Private/Get-RubrikAPIData.Function specific tests.Get-RubrikAPIData - Remove-RubrikLogShipping test" time="0.0134" asserts="0" success="True" result="Success" executed="True" />
                      <test-case description="Get-RubrikAPIData - Remove-RubrikManagedVolume test" name="Private/Get-RubrikAPIData.Function specific tests.Get-RubrikAPIData - Remove-RubrikManagedVolume test" time="0.0147" asserts="0" success="True" result="Success" executed="True" />
                      <test-case description="Get-RubrikAPIData - Remove-RubrikManagedVolumeExport test" name="Private/Get-RubrikAPIData.Function specific tests.Get-RubrikAPIData - Remove-RubrikManagedVolumeExport test" time="0.0129" asserts="0" success="True" result="Success" executed="True" />
                      <test-case description="Get-RubrikAPIData - Remove-RubrikMount test" name="Private/Get-RubrikAPIData.Function specific tests.Get-RubrikAPIData - Remove-RubrikMount test" time="0.0146" asserts="0" success="True" result="Success" executed="True" />
                      <test-case description="Get-RubrikAPIData - Remove-RubrikNASShare test" name="Private/Get-RubrikAPIData.Function specific tests.Get-RubrikAPIData - Remove-RubrikNASShare test" time="0.0133" asserts="0" success="True" result="Success" executed="True" />
                      <test-case description="Get-RubrikAPIData - Remove-RubrikReport test" name="Private/Get-RubrikAPIData.Function specific tests.Get-RubrikAPIData - Remove-RubrikReport test" time="0.0153" asserts="0" success="True" result="Success" executed="True" />
                      <test-case description="Get-RubrikAPIData - Remove-RubrikSLA test" name="Private/Get-RubrikAPIData.Function specific tests.Get-RubrikAPIData - Remove-RubrikSLA test" time="0.013" asserts="0" success="True" result="Success" executed="True" />
                      <test-case description="Get-RubrikAPIData - Remove-RubrikUnmanagedObject test" name="Private/Get-RubrikAPIData.Function specific tests.Get-RubrikAPIData - Remove-RubrikUnmanagedObject test" time="0.0141" asserts="0" success="True" result="Success" executed="True" />
                      <test-case description="Get-RubrikAPIData - Remove-RubrikVCenter test" name="Private/Get-RubrikAPIData.Function specific tests.Get-RubrikAPIData - Remove-RubrikVCenter test" time="0.0121" asserts="0" success="True" result="Success" executed="True" />
                      <test-case description="Get-RubrikAPIData - Remove-RubrikVMSnapshot test" name="Private/Get-RubrikAPIData.Function specific tests.Get-RubrikAPIData - Remove-RubrikVMSnapshot test" time="0.0138" asserts="0" success="True" result="Success" executed="True" />
                      <test-case description="Get-RubrikAPIData - Remove-RubrikVolumeGroupMount test" name="Private/Get-RubrikAPIData.Function specific tests.Get-RubrikAPIData - Remove-RubrikVolumeGroupMount test" time="0.0129" asserts="0" success="True" result="Success" executed="True" />
                      <test-case description="Get-RubrikAPIData - Reset-RubrikLogShipping test" name="Private/Get-RubrikAPIData.Function specific tests.Get-RubrikAPIData - Reset-RubrikLogShipping test" time="0.0145" asserts="0" success="True" result="Success" executed="True" />
                      <test-case description="Get-RubrikAPIData - Restore-RubrikDatabase test" name="Private/Get-RubrikAPIData.Function specific tests.Get-RubrikAPIData - Restore-RubrikDatabase test" time="0.0136" asserts="0" success="True" result="Success" executed="True" />
                      <test-case description="Get-RubrikAPIData - Set-RubrikAvailabilityGroup test" name="Private/Get-RubrikAPIData.Function specific tests.Get-RubrikAPIData - Set-RubrikAvailabilityGroup test" time="0.0136" asserts="0" success="True" result="Success" executed="True" />
                      <test-case description="Get-RubrikAPIData - Set-RubrikBlackout test" name="Private/Get-RubrikAPIData.Function specific tests.Get-RubrikAPIData - Set-RubrikBlackout test" time="0.0135" asserts="0" success="True" result="Success" executed="True" />
                      <test-case description="Get-RubrikAPIData - Set-RubrikDatabase test" name="Private/Get-RubrikAPIData.Function specific tests.Get-RubrikAPIData - Set-RubrikDatabase test" time="0.0128" asserts="0" success="True" result="Success" executed="True" />
                      <test-case description="Get-RubrikAPIData - Set-RubrikHyperVVM test" name="Private/Get-RubrikAPIData.Function specific tests.Get-RubrikAPIData - Set-RubrikHyperVVM test" time="0.0134" asserts="0" success="True" result="Success" executed="True" />
                      <test-case description="Get-RubrikAPIData - Set-RubrikLogShipping test" name="Private/Get-RubrikAPIData.Function specific tests.Get-RubrikAPIData - Set-RubrikLogShipping test" time="0.0131" asserts="0" success="True" result="Success" executed="True" />
                      <test-case description="Get-RubrikAPIData - Set-RubrikManagedVolume test" name="Private/Get-RubrikAPIData.Function specific tests.Get-RubrikAPIData - Set-RubrikManagedVolume test" time="0.0137" asserts="0" success="True" result="Success" executed="True" />
                      <test-case description="Get-RubrikAPIData - Set-RubrikMount test" name="Private/Get-RubrikAPIData.Function specific tests.Get-RubrikAPIData - Set-RubrikMount test" time="0.0134" asserts="0" success="True" result="Success" executed="True" />
                      <test-case description="Get-RubrikAPIData - Set-RubrikNASShare test" name="Private/Get-RubrikAPIData.Function specific tests.Get-RubrikAPIData - Set-RubrikNASShare test" time="0.0152" asserts="0" success="True" result="Success" executed="True" />
                      <test-case description="Get-RubrikAPIData - Set-RubrikNutanixVM test" name="Private/Get-RubrikAPIData.Function specific tests.Get-RubrikAPIData - Set-RubrikNutanixVM test" time="0.0134" asserts="0" success="True" result="Success" executed="True" />
                      <test-case description="Get-RubrikAPIData - Set-RubrikSetting test" name="Private/Get-RubrikAPIData.Function specific tests.Get-RubrikAPIData - Set-RubrikSetting test" time="0.0149" asserts="0" success="True" result="Success" executed="True" />
                      <test-case description="Get-RubrikAPIData - Set-RubrikSQLInstance test" name="Private/Get-RubrikAPIData.Function specific tests.Get-RubrikAPIData - Set-RubrikSQLInstance test" time="0.0126" asserts="0" success="True" result="Success" executed="True" />
                      <test-case description="Get-RubrikAPIData - Set-RubrikSupportTunnel test" name="Private/Get-RubrikAPIData.Function specific tests.Get-RubrikAPIData - Set-RubrikSupportTunnel test" time="0.015" asserts="0" success="True" result="Success" executed="True" />
                      <test-case description="Get-RubrikAPIData - Set-RubrikVCenter test" name="Private/Get-RubrikAPIData.Function specific tests.Get-RubrikAPIData - Set-RubrikVCenter test" time="0.0129" asserts="0" success="True" result="Success" executed="True" />
                      <test-case description="Get-RubrikAPIData - Set-RubrikVM test" name="Private/Get-RubrikAPIData.Function specific tests.Get-RubrikAPIData - Set-RubrikVM test" time="0.015" asserts="0" success="True" result="Success" executed="True" />
                      <test-case description="Get-RubrikAPIData - Set-RubrikVolumeFilterDriver test" name="Private/Get-RubrikAPIData.Function specific tests.Get-RubrikAPIData - Set-RubrikVolumeFilterDriver test" time="0.0136" asserts="0" success="True" result="Success" executed="True" />
                      <test-case description="Get-RubrikAPIData - Start-RubrikManagedVolumeSnapshot test" name="Private/Get-RubrikAPIData.Function specific tests.Get-RubrikAPIData - Start-RubrikManagedVolumeSnapshot test" time="0.0159" asserts="0" success="True" result="Success" executed="True" />
                      <test-case description="Get-RubrikAPIData - Stop-RubrikManagedVolumeSnapshot test" name="Private/Get-RubrikAPIData.Function specific tests.Get-RubrikAPIData - Stop-RubrikManagedVolumeSnapshot test" time="0.0123" asserts="0" success="True" result="Success" executed="True" />
                      <test-case description="Get-RubrikAPIData - Update-RubrikHost test" name="Private/Get-RubrikAPIData.Function specific tests.Get-RubrikAPIData - Update-RubrikHost test" time="0.015" asserts="0" success="True" result="Success" executed="True" />
                      <test-case description="Get-RubrikAPIData - Update-RubrikVCenter test" name="Private/Get-RubrikAPIData.Function specific tests.Get-RubrikAPIData - Update-RubrikVCenter test" time="0.0133" asserts="0" success="True" result="Success" executed="True" />
                      <test-case description="Get-RubrikAPIData - Update-RubrikVMwareVM test" name="Private/Get-RubrikAPIData.Function specific tests.Get-RubrikAPIData - Update-RubrikVMwareVM test" time="0.0144" asserts="0" success="True" result="Success" executed="True" />
                    </results>
                  </test-suite>
                </results>
              </test-suite>
              <test-suite type="TestFixture" name="Failure tests, validate incorrect input" executed="True" result="Success" success="True" time="0.0475" asserts="0" description="Failure tests, validate incorrect input">
                <results>
                  <test-case description="Get-RubrikAPIData - Incorrect version number, should fail" name="Private/Get-RubrikAPIData.Failure tests, validate incorrect input.Get-RubrikAPIData - Incorrect version number, should fail" time="0.0091" asserts="0" success="True" result="Success" executed="True" />
                  <test-case description="Get-RubrikAPIData - Non-existent function, should fail" name="Private/Get-RubrikAPIData.Failure tests, validate incorrect input.Get-RubrikAPIData - Non-existent function, should fail" time="0.0199" asserts="0" success="True" result="Success" executed="True" />
                </results>
              </test-suite>
            </results>
          </test-suite>
        </results>
      </test-suite>
      <test-suite type="TestFixture" name="C:\projects\powershell-module\tests\Get-RubrikAPIToken.Tests.ps1" executed="True" result="Success" success="True" time="0.5732" asserts="0" description="C:\projects\powershell-module\tests\Get-RubrikAPIToken.Tests.ps1">
        <results>
          <test-suite type="TestFixture" name="Public/Get-RubrikAPIToken" executed="True" result="Success" success="True" time="0.31" asserts="0" description="Public/Get-RubrikAPIToken">
            <results>
              <test-suite type="TestFixture" name="Results Filtering" executed="True" result="Success" success="True" time="0.29" asserts="0" description="Results Filtering">
                <results>
                  <test-case description="Should Return count of 4" name="Public/Get-RubrikAPIToken.Results Filtering.Should Return count of 4" time="0.0687" asserts="0" success="True" result="Success" executed="True" />
                  <test-case description="Should Return count of 3" name="Public/Get-RubrikAPIToken.Results Filtering.Should Return count of 3" time="0.0324" asserts="0" success="True" result="Success" executed="True" />
                  <test-case description="Should Return 11111" name="Public/Get-RubrikAPIToken.Results Filtering.Should Return 11111" time="0.037" asserts="0" success="True" result="Success" executed="True" />
                  <test-case description="Should return count of 0 " name="Public/Get-RubrikAPIToken.Results Filtering.Should return count of 0 " time="0.0273" asserts="0" success="True" result="Success" executed="True" />
                  <test-case description="Parameter UserID cannot be $null" name="Public/Get-RubrikAPIToken.Results Filtering.Parameter UserID cannot be $null" time="0.0065" asserts="0" success="True" result="Success" executed="True" />
                  <test-case description="Parameter UserId cannot be empty" name="Public/Get-RubrikAPIToken.Results Filtering.Parameter UserId cannot be empty" time="0.0041" asserts="0" success="True" result="Success" executed="True" />
                </results>
              </test-suite>
            </results>
          </test-suite>
        </results>
      </test-suite>
      <test-suite type="TestFixture" name="C:\projects\powershell-module\tests\Get-RubrikEvent.Tests.ps1" executed="True" result="Success" success="True" time="0.494" asserts="0" description="C:\projects\powershell-module\tests\Get-RubrikEvent.Tests.ps1">
        <results>
          <test-suite type="TestFixture" name="Public/Get-RubrikEvent" executed="True" result="Success" success="True" time="0.2284" asserts="0" description="Public/Get-RubrikEvent">
            <results>
              <test-suite type="TestFixture" name="Results Filtering" executed="True" result="Success" success="True" time="0.1655" asserts="0" description="Results Filtering">
                <results>
                  <test-case description="Should Return count of 5" name="Public/Get-RubrikEvent.Results Filtering.Should Return count of 5" time="0.0449" asserts="0" success="True" result="Success" executed="True" />
                  <test-case description="Should not run with Name parameter" name="Public/Get-RubrikEvent.Results Filtering.Should not run with Name parameter" time="0.0054" asserts="0" success="True" result="Success" executed="True" />
                </results>
              </test-suite>
            </results>
          </test-suite>
        </results>
      </test-suite>
      <test-suite type="TestFixture" name="C:\projects\powershell-module\tests\Get-RubrikHost.Tests.ps1" executed="True" result="Success" success="True" time="0.5008" asserts="0" description="C:\projects\powershell-module\tests\Get-RubrikHost.Tests.ps1">
        <results>
          <test-suite type="TestFixture" name="Public/Get-RubrikHost" executed="True" result="Success" success="True" time="0.2424" asserts="0" description="Public/Get-RubrikHost">
            <results>
              <test-suite type="TestFixture" name="Results Filtering" executed="True" result="Success" success="True" time="0.2244" asserts="0" description="Results Filtering">
                <results>
                  <test-case description="Should Return count of 5" name="Public/Get-RubrikHost.Results Filtering.Should Return count of 5" time="0.0324" asserts="0" success="True" result="Success" executed="True" />
                  <test-case description="Should Return host05" name="Public/Get-RubrikHost.Results Filtering.Should Return host05" time="0.0271" asserts="0" success="True" result="Success" executed="True" />
                  <test-case description="Should Return Host:::22222" name="Public/Get-RubrikHost.Results Filtering.Should Return Host:::22222" time="0.0216" asserts="0" success="True" result="Success" executed="True" />
                  <test-case description="Should return count of 0 " name="Public/Get-RubrikHost.Results Filtering.Should return count of 0 " time="0.0242" asserts="0" success="True" result="Success" executed="True" />
                </results>
              </test-suite>
            </results>
          </test-suite>
        </results>
      </test-suite>
      <test-suite type="TestFixture" name="C:\projects\powershell-module\tests\Get-RubrikLDAP.Tests.ps1" executed="True" result="Success" success="True" time="0.4316" asserts="0" description="C:\projects\powershell-module\tests\Get-RubrikLDAP.Tests.ps1">
        <results>
          <test-suite type="TestFixture" name="Public/Get-RubrikLDAP" executed="True" result="Success" success="True" time="0.173" asserts="0" description="Public/Get-RubrikLDAP">
            <results>
              <test-suite type="TestFixture" name="Parameter/SLA" executed="True" result="Success" success="True" time="0.155" asserts="0" description="Parameter/SLA">
                <results>
                  <test-case description="Should return local" name="Public/Get-RubrikLDAP.Parameter/SLA.Should return local" time="0.0378" asserts="0" success="True" result="Success" executed="True" />
                  <test-case description="Should return rubrik.com" name="Public/Get-RubrikLDAP.Parameter/SLA.Should return rubrik.com" time="0.021" asserts="0" success="True" result="Success" executed="True" />
                  <test-case description="Output should be PSCustomObject" name="Public/Get-RubrikLDAP.Parameter/SLA.Output should be PSCustomObject" time="0.0349" asserts="0" success="True" result="Success" executed="True" />
                </results>
              </test-suite>
            </results>
          </test-suite>
        </results>
      </test-suite>
      <test-suite type="TestFixture" name="C:\projects\powershell-module\tests\Get-RubrikOracleDB.Tests.ps1" executed="True" result="Success" success="True" time="0.6545" asserts="0" description="C:\projects\powershell-module\tests\Get-RubrikOracleDB.Tests.ps1">
        <results>
          <test-suite type="TestFixture" name="Public/Get-RubrikOracleDB" executed="True" result="Success" success="True" time="0.3212" asserts="0" description="Public/Get-RubrikOracleDB">
            <results>
              <test-suite type="TestFixture" name="Parameter/SLA" executed="True" result="Success" success="True" time="0.1237" asserts="0" description="Parameter/SLA">
                <results>
                  <test-case description="should overwrite $SLAID" name="Public/Get-RubrikOracleDB.Parameter/SLA.should overwrite $SLAID" time="0.0745" asserts="0" success="True" result="Success" executed="True" />
                </results>
              </test-suite>
              <test-suite type="TestFixture" name="Parameter/SLAID" executed="True" result="Success" success="True" time="0.1597" asserts="0" description="Parameter/SLAID">
                <results>
                  <test-case description="SLAID Query should return OracleDB1 DB" name="Public/Get-RubrikOracleDB.Parameter/SLAID.SLAID Query should return OracleDB1 DB" time="0.0258" asserts="0" success="True" result="Success" executed="True" />
                  <test-case description="SLAID Query should return OracleDB1 SLA" name="Public/Get-RubrikOracleDB.Parameter/SLAID.SLAID Query should return OracleDB1 SLA" time="0.0263" asserts="0" success="True" result="Success" executed="True" />
                </results>
              </test-suite>
            </results>
          </test-suite>
        </results>
      </test-suite>
      <test-suite type="TestFixture" name="C:\projects\powershell-module\tests\Get-RubrikVM.Tests.ps1" executed="True" result="Success" success="True" time="0.569" asserts="0" description="C:\projects\powershell-module\tests\Get-RubrikVM.Tests.ps1">
        <results>
          <test-suite type="TestFixture" name="Public/Get-RubrikVM" executed="True" result="Success" success="True" time="0.2986" asserts="0" description="Public/Get-RubrikVM">
            <results>
              <test-suite type="TestFixture" name="Parameter/SLA" executed="True" result="Success" success="True" time="0.1368" asserts="0" description="Parameter/SLA">
                <results>
                  <test-case description="should overwrite $SLAID" name="Public/Get-RubrikVM.Parameter/SLA.should overwrite $SLAID" time="0.065" asserts="0" success="True" result="Success" executed="True" />
                </results>
              </test-suite>
              <test-suite type="TestFixture" name="Parameter/SLAID" executed="True" result="Success" success="True" time="0.0661" asserts="0" description="Parameter/SLAID">
                <results>
                  <test-case description="should not overwrite $SLAID" name="Public/Get-RubrikVM.Parameter/SLAID.should not overwrite $SLAID" time="0.0214" asserts="0" success="True" result="Success" executed="True" />
                </results>
              </test-suite>
              <test-suite type="TestFixture" name="Parameter Validation" executed="True" result="Success" success="True" time="0.062" asserts="0" description="Parameter Validation">
                <results>
                  <test-case description="Parameter Name cannot be $null" name="Public/Get-RubrikVM.Parameter Validation.Parameter Name cannot be $null" time="0.0042" asserts="0" success="True" result="Success" executed="True" />
                  <test-case description="Parameter Name cannot be empty" name="Public/Get-RubrikVM.Parameter Validation.Parameter Name cannot be empty" time="0.0064" asserts="0" success="True" result="Success" executed="True" />
                  <test-case description="Parameter ID cannot be $null" name="Public/Get-RubrikVM.Parameter Validation.Parameter ID cannot be $null" time="0.0041" asserts="0" success="True" result="Success" executed="True" />
                  <test-case description="Parameter ID cannot be empty" name="Public/Get-RubrikVM.Parameter Validation.Parameter ID cannot be empty" time="0.0038" asserts="0" success="True" result="Success" executed="True" />
                  <test-case description="Parameters Id and Name cannot be simultaneously used" name="Public/Get-RubrikVM.Parameter Validation.Parameters Id and Name cannot be simultaneously used" time="0.0061" asserts="0" success="True" result="Success" executed="True" />
                </results>
              </test-suite>
            </results>
          </test-suite>
        </results>
      </test-suite>
      <test-suite type="TestFixture" name="C:\projects\powershell-module\tests\Get-RubrikVMwareDatastore.Tests.ps1" executed="True" result="Success" success="True" time="0.4627" asserts="0" description="C:\projects\powershell-module\tests\Get-RubrikVMwareDatastore.Tests.ps1">
        <results>
          <test-suite type="TestFixture" name="Public/Get-RubrikVMwareDatastore" executed="True" result="Success" success="True" time="0.2075" asserts="0" description="Public/Get-RubrikVMwareDatastore">
            <results>
              <test-suite type="TestFixture" name="Results Filtering" executed="True" result="Success" success="True" time="0.1869" asserts="0" description="Results Filtering">
                <results>
                  <test-case description="Should Return count of 4" name="Public/Get-RubrikVMwareDatastore.Results Filtering.Should Return count of 4" time="0.0288" asserts="0" success="True" result="Success" executed="True" />
                  <test-case description="Should Return datastore03" name="Public/Get-RubrikVMwareDatastore.Results Filtering.Should Return datastore03" time="0.0188" asserts="0" success="True" result="Success" executed="True" />
                  <test-case description="Should Return Datastore:::22222" name="Public/Get-RubrikVMwareDatastore.Results Filtering.Should Return Datastore:::22222" time="0.0237" asserts="0" success="True" result="Success" executed="True" />
                  <test-case description="Should return count of 2 " name="Public/Get-RubrikVMwareDatastore.Results Filtering.Should return count of 2 " time="0.0231" asserts="0" success="True" result="Success" executed="True" />
                  <test-case description="Should return count of 0 " name="Public/Get-RubrikVMwareDatastore.Results Filtering.Should return count of 0 " time="0.0209" asserts="0" success="True" result="Success" executed="True" />
                </results>
              </test-suite>
            </results>
          </test-suite>
        </results>
      </test-suite>
      <test-suite type="TestFixture" name="C:\projects\powershell-module\tests\Get-RubrikVMwareHost.Tests.ps1" executed="True" result="Success" success="True" time="0.5074" asserts="0" description="C:\projects\powershell-module\tests\Get-RubrikVMwareHost.Tests.ps1">
        <results>
          <test-suite type="TestFixture" name="Public/Get-RubrikVMwareHost" executed="True" result="Success" success="True" time="0.2195" asserts="0" description="Public/Get-RubrikVMwareHost">
            <results>
              <test-suite type="TestFixture" name="Results Filtering" executed="True" result="Success" success="True" time="0.2026" asserts="0" description="Results Filtering">
                <results>
                  <test-case description="Should Return count of 2" name="Public/Get-RubrikVMwareHost.Results Filtering.Should Return count of 2" time="0.0301" asserts="0" success="True" result="Success" executed="True" />
                  <test-case description="Should Return esxi01.domain.local" name="Public/Get-RubrikVMwareHost.Results Filtering.Should Return esxi01.domain.local" time="0.0334" asserts="0" success="True" result="Success" executed="True" />
                  <test-case description="Should Return VMwareHost:::44444" name="Public/Get-RubrikVMwareHost.Results Filtering.Should Return VMwareHost:::44444" time="0.0242" asserts="0" success="True" result="Success" executed="True" />
                  <test-case description="Should return count of 4 " name="Public/Get-RubrikVMwareHost.Results Filtering.Should return count of 4 " time="0.0331" asserts="0" success="True" result="Success" executed="True" />
                </results>
              </test-suite>
            </results>
          </test-suite>
        </results>
      </test-suite>
      <test-suite type="TestFixture" name="C:\projects\powershell-module\tests\New-RubrikAPIToken.Tests.ps1" executed="True" result="Success" success="True" time="0.3577" asserts="0" description="C:\projects\powershell-module\tests\New-RubrikAPIToken.Tests.ps1">
        <results>
          <test-suite type="TestFixture" name="Public/New-RubrikAPIToken" executed="True" result="Success" success="True" time="0.0741" asserts="0" description="Public/New-RubrikAPIToken">
            <results>
              <test-suite type="TestFixture" name="Parameter Validation" executed="True" result="Success" success="True" time="0.0548" asserts="0" description="Parameter Validation">
                <results>
                  <test-case description="Parameter Expiration cannot be $null" name="Public/New-RubrikAPIToken.Parameter Validation.Parameter Expiration cannot be $null" time="0.0074" asserts="0" success="True" result="Success" executed="True" />
                  <test-case description="Parameter Expiration cannot be empty" name="Public/New-RubrikAPIToken.Parameter Validation.Parameter Expiration cannot be empty" time="0.0041" asserts="0" success="True" result="Success" executed="True" />
                  <test-case description="Parameter OrganizationId cannot be $null" name="Public/New-RubrikAPIToken.Parameter Validation.Parameter OrganizationId cannot be $null" time="0.0042" asserts="0" success="True" result="Success" executed="True" />
                  <test-case description="Parameter OrganizationId cannot be empty" name="Public/New-RubrikAPIToken.Parameter Validation.Parameter OrganizationId cannot be empty" time="0.0071" asserts="0" success="True" result="Success" executed="True" />
                </results>
              </test-suite>
            </results>
          </test-suite>
        </results>
      </test-suite>
      <test-suite type="TestFixture" name="C:\projects\powershell-module\tests\New-RubrikSnapshot.Tests.ps1" executed="True" result="Success" success="True" time="0.4998" asserts="0" description="C:\projects\powershell-module\tests\New-RubrikSnapshot.Tests.ps1">
        <results>
          <test-suite type="TestFixture" name="Public/New-RubrikSnapshot" executed="True" result="Success" success="True" time="0.2425" asserts="0" description="Public/New-RubrikSnapshot">
            <results>
              <test-suite type="TestFixture" name="Parameters" executed="True" result="Success" success="True" time="0.2199" asserts="0" description="Parameters">
                <results>
                  <test-suite type="TestFixture" name="Parameter Validation" executed="True" result="Success" success="True" time="0.0719" asserts="0" description="Parameter Validation">
                    <results>
                      <test-case description="Parameter id cannot be $null or empty" name="Public/New-RubrikSnapshot.Parameters.Parameter Validation.Parameter id cannot be $null or empty" time="0.0044" asserts="0" success="True" result="Success" executed="True" />
                      <test-case description="Should issue warning" name="Public/New-RubrikSnapshot.Parameters.Parameter Validation.Should issue warning" time="0.0056" asserts="0" success="True" result="Success" executed="True" />
                    </results>
                  </test-suite>
                  <test-case description="Should Return status of QUEUED" name="Public/New-RubrikSnapshot.Parameters.Should Return status of QUEUED" time="0.0753" asserts="0" success="True" result="Success" executed="True" />
                </results>
              </test-suite>
            </results>
          </test-suite>
        </results>
      </test-suite>
      <test-suite type="TestFixture" name="C:\projects\powershell-module\tests\Protect-RubrikTag.Tests.ps1" executed="True" result="Success" success="True" time="0.3327" asserts="0" description="C:\projects\powershell-module\tests\Protect-RubrikTag.Tests.ps1">
        <results>
          <test-suite type="TestFixture" name="Public/Protect-RubrikTag" executed="True" result="Success" success="True" time="0.08" asserts="0" description="Public/Protect-RubrikTag">
            <results>
              <test-suite type="TestFixture" name="Parameter Validation" executed="True" result="Success" success="True" time="0.064" asserts="0" description="Parameter Validation">
                <results>
                  <test-case description="Parameter Tag is mandatory" name="Public/Protect-RubrikTag.Parameter Validation.Parameter Tag is mandatory" time="0.0231" asserts="0" success="True" result="Success" executed="True" />
                  <test-case description="Parameter Category is mandatory" name="Public/Protect-RubrikTag.Parameter Validation.Parameter Category is mandatory" time="0.0038" asserts="0" success="True" result="Success" executed="True" />
                  <test-case description="Parameter Tag is null or empty" name="Public/Protect-RubrikTag.Parameter Validation.Parameter Tag is null or empty" time="0.0039" asserts="0" success="True" result="Success" executed="True" />
                  <test-case description="Parameter Category is null or empty" name="Public/Protect-RubrikTag.Parameter Validation.Parameter Category is null or empty" time="0.0064" asserts="0" success="True" result="Success" executed="True" />
                </results>
              </test-suite>
            </results>
          </test-suite>
        </results>
      </test-suite>
      <test-suite type="TestFixture" name="C:\projects\powershell-module\tests\Remove-RubrikAPIToken.Tests.ps1" executed="True" result="Success" success="True" time="0.348" asserts="0" description="C:\projects\powershell-module\tests\Remove-RubrikAPIToken.Tests.ps1">
        <results>
          <test-suite type="TestFixture" name="Public/Remove-RubrikAPIToken" executed="True" result="Success" success="True" time="0.0903" asserts="0" description="Public/Remove-RubrikAPIToken">
            <results>
              <test-suite type="TestFixture" name="Parameter Validation" executed="True" result="Success" success="True" time="0.0744" asserts="0" description="Parameter Validation">
                <results>
                  <test-case description="Parameter TokenId cannot be $null" name="Public/Remove-RubrikAPIToken.Parameter Validation.Parameter TokenId cannot be $null" time="0.0054" asserts="0" success="True" result="Success" executed="True" />
                  <test-case description="Parameter TokenId cannot be empty" name="Public/Remove-RubrikAPIToken.Parameter Validation.Parameter TokenId cannot be empty" time="0.0097" asserts="0" success="True" result="Success" executed="True" />
                </results>
              </test-suite>
            </results>
          </test-suite>
        </results>
      </test-suite>
      <test-suite type="TestFixture" name="C:\projects\powershell-module\tests\Remove-RubrikVMSnapshot.Tests.ps1" executed="True" result="Success" success="True" time="0.3927" asserts="0" description="C:\projects\powershell-module\tests\Remove-RubrikVMSnapshot.Tests.ps1">
        <results>
          <test-suite type="TestFixture" name="Public/Remove-RubrikVMSnapshot" executed="True" result="Success" success="True" time="0.1362" asserts="0" description="Public/Remove-RubrikVMSnapshot">
            <results>
              <test-suite type="TestFixture" name="Parameters" executed="True" result="Success" success="True" time="0.1204" asserts="0" description="Parameters">
                <results>
                  <test-suite type="TestFixture" name="Parameter Validation" executed="True" result="Success" success="True" time="0.0188" asserts="0" description="Parameter Validation">
                    <results>
                      <test-case description="Parameter id cannot be $null or empty" name="Public/Remove-RubrikVMSnapshot.Parameters.Parameter Validation.Parameter id cannot be $null or empty" time="0.0037" asserts="0" success="True" result="Success" executed="True" />
                    </results>
                  </test-suite>
                  <test-case description="Should Return status of Success" name="Public/Remove-RubrikVMSnapshot.Parameters.Should Return status of Success" time="0.0304" asserts="0" success="True" result="Success" executed="True" />
                  <test-case description="Should Return HTTP status code 204" name="Public/Remove-RubrikVMSnapshot.Parameters.Should Return HTTP status code 204" time="0.0177" asserts="0" success="True" result="Success" executed="True" />
                </results>
              </test-suite>
            </results>
          </test-suite>
        </results>
      </test-suite>
      <test-suite type="TestFixture" name="C:\projects\powershell-module\tests\Sync-RubrikAnnotation.Tests.ps1" executed="True" result="Success" success="True" time="0.3144" asserts="0" description="C:\projects\powershell-module\tests\Sync-RubrikAnnotation.Tests.ps1">
        <results>
          <test-suite type="TestFixture" name="Public/Sync-RubrikAnnotation" executed="True" result="Success" success="True" time="0.0567" asserts="0" description="Public/Sync-RubrikAnnotation">
            <results>
              <test-suite type="TestFixture" name="Parameter Validation" executed="True" result="Success" success="True" time="0.0358" asserts="0" description="Parameter Validation">
                <results>
                  <test-case description="Parameter Name cannot be $null" name="Public/Sync-RubrikAnnotation.Parameter Validation.Parameter Name cannot be $null" time="0.0083" asserts="0" success="True" result="Success" executed="True" />
                  <test-case description="Parameter Name cannot be empty" name="Public/Sync-RubrikAnnotation.Parameter Validation.Parameter Name cannot be empty" time="0.004" asserts="0" success="True" result="Success" executed="True" />
                </results>
              </test-suite>
            </results>
          </test-suite>
        </results>
      </test-suite>
      <test-suite type="TestFixture" name="C:\projects\powershell-module\tests\Update-RubrikVMwareVM.Tests.ps1" executed="True" result="Success" success="True" time="0.7319" asserts="0" description="C:\projects\powershell-module\tests\Update-RubrikVMwareVM.Tests.ps1">
        <results>
          <test-suite type="TestFixture" name="Public/Update-RubrikVMwareVM" executed="True" result="Success" success="True" time="0.452" asserts="0" description="Public/Update-RubrikVMwareVM">
            <results>
              <test-suite type="TestFixture" name="Request Fails" executed="True" result="Success" success="True" time="0.0813" asserts="0" description="Request Fails">
                <results>
                  <test-case description="Invalid vCenter id" name="Public/Update-RubrikVMwareVM.Request Fails.Invalid vCenter id" time="0.0332" asserts="0" success="True" result="Success" executed="True" />
                </results>
              </test-suite>
              <test-suite type="TestFixture" name="Request Succeeds" executed="True" result="Success" success="True" time="0.347" asserts="0" description="Request Succeeds">
                <results>
                  <test-case description="Get-TestVM should return id / vmmoid" name="Public/Update-RubrikVMwareVM.Request Succeeds.Get-TestVM should return id / vmmoid" time="0.0198" asserts="0" success="True" result="Success" executed="True" />
                  <test-case description="Valid execution based on Get-TestVM" name="Public/Update-RubrikVMwareVM.Request Succeeds.Valid execution based on Get-TestVM" time="0.0384" asserts="0" success="True" result="Success" executed="True" />
                </results>
              </test-suite>
            </results>
          </test-suite>
        </results>
      </test-suite>
    </results>
  </test-suite>
</test-results>