<?xml version="1.0" encoding="utf-8" standalone="no"?>
<test-results xmlns:xsi="http://www.w3.org/2001/XMLSchema-instance" xsi:noNamespaceSchemaLocation="nunit_schema_2.5.xsd" name="Pester" total="396" errors="0" failures="0" not-run="0" inconclusive="0" ignored="0" skipped="0" invalid="0" date="2019-07-18" time="05:42:57">
  <environment user="appveyor" machine-name="APPVYR-WIN" cwd="C:\projects\powershell-module" user-domain="APPVYR-WIN" platform="Microsoft Windows Server 2012 R2 Datacenter|C:\windows|\Device\Harddisk0\Partition5" nunit-version="2.5.8.0" os-version="6.3.9600" clr-version="4.0.30319.42000" />
  <culture-info current-culture="en-US" current-uiculture="en-US" />
  <test-suite type="TestFixture" name="Pester" executed="True" result="Success" success="True" time="29.6986" asserts="0" description="Pester">
    <results>
      <test-suite type="TestFixture" name="C:\projects\powershell-module\tests\Export-RubrikDatabase.Tests.ps1" executed="True" result="Success" success="True" time="1.7747" asserts="0" description="C:\projects\powershell-module\tests\Export-RubrikDatabase.Tests.ps1">
        <results>
          <test-suite type="TestFixture" name="Public/Export-RubrikDatabase" executed="True" result="Success" success="True" time="1.3013" asserts="0" description="Public/Export-RubrikDatabase">
            <results>
              <test-suite type="TestFixture" name="Parameters" executed="True" result="Success" success="True" time="1.2091" asserts="0" description="Parameters">
                <results>
                  <test-suite type="TestFixture" name="Command Execution" executed="True" result="Success" success="True" time="0.7406" asserts="0" description="Command Execution">
                    <results>
                      <test-case description="Should return status of queued" name="Public/Export-RubrikDatabase.Parameters.Command Execution.Should return status of queued" time="0.5611" asserts="0" success="True" result="Success" executed="True" />
                    </results>
                  </test-suite>
                  <test-suite type="TestFixture" name="Parameter Validation" executed="True" result="Success" success="True" time="0.1188" asserts="0" description="Parameter Validation">
                    <results>
                      <test-case description="Parameter id must be specified" name="Public/Export-RubrikDatabase.Parameters.Parameter Validation.Parameter id must be specified" time="0.0438" asserts="0" success="True" result="Success" executed="True" />
                      <test-case description="Parameter id cannot be $null or empty" name="Public/Export-RubrikDatabase.Parameters.Parameter Validation.Parameter id cannot be $null or empty" time="0.0059" asserts="0" success="True" result="Success" executed="True" />
                      <test-case description="Parameter set cannot be resolved." name="Public/Export-RubrikDatabase.Parameters.Parameter Validation.Parameter set cannot be resolved." time="0.009" asserts="0" success="True" result="Success" executed="True" />
                      <test-case description="RecoveryDateTime must be a date." name="Public/Export-RubrikDatabase.Parameters.Parameter Validation.RecoveryDateTime must be a date." time="0.0134" asserts="0" success="True" result="Success" executed="True" />
                    </results>
                  </test-suite>
                </results>
              </test-suite>
            </results>
          </test-suite>
        </results>
      </test-suite>
      <test-suite type="TestFixture" name="C:\projects\powershell-module\tests\Export-RubrikReport.Tests.ps1" executed="True" result="Success" success="True" time="0.4332" asserts="0" description="C:\projects\powershell-module\tests\Export-RubrikReport.Tests.ps1">
        <results>
          <test-suite type="TestFixture" name="Public/Export-RubrikReport" executed="True" result="Success" success="True" time="0.1693" asserts="0" description="Public/Export-RubrikReport">
            <results>
              <test-suite type="TestFixture" name="Parameters" executed="True" result="Success" success="True" time="0.1505" asserts="0" description="Parameters">
                <results>
                  <test-suite type="TestFixture" name="Report Filtering" executed="True" result="Success" success="True" time="0.0776" asserts="0" description="Report Filtering">
                    <results>
                      <test-case description="Should return url for report" name="Public/Export-RubrikReport.Parameters.Report Filtering.Should return url for report" time="0.0555" asserts="0" success="True" result="Success" executed="True" />
                    </results>
                  </test-suite>
                  <test-suite type="TestFixture" name="Parameter Validation" executed="True" result="Success" success="True" time="0.0315" asserts="0" description="Parameter Validation">
                    <results>
                      <test-case description="Parameter id must be specified" name="Public/Export-RubrikReport.Parameters.Parameter Validation.Parameter id must be specified" time="0.0039" asserts="0" success="True" result="Success" executed="True" />
                      <test-case description="Parameter id cannot be $null or empty" name="Public/Export-RubrikReport.Parameters.Parameter Validation.Parameter id cannot be $null or empty" time="0.0041" asserts="0" success="True" result="Success" executed="True" />
                    </results>
                  </test-suite>
                </results>
              </test-suite>
            </results>
          </test-suite>
        </results>
      </test-suite>
      <test-suite type="TestFixture" name="C:\projects\powershell-module\tests\Export-RubrikVM.Tests.ps1" executed="True" result="Success" success="True" time="0.5542" asserts="0" description="C:\projects\powershell-module\tests\Export-RubrikVM.Tests.ps1">
        <results>
          <test-suite type="TestFixture" name="Public/Export-RubrikVM" executed="True" result="Success" success="True" time="0.2632" asserts="0" description="Public/Export-RubrikVM">
            <results>
              <test-suite type="TestFixture" name="Parameters" executed="True" result="Success" success="True" time="0.2364" asserts="0" description="Parameters">
                <results>
                  <test-suite type="TestFixture" name="Parameter Validation" executed="True" result="Success" success="True" time="0.0612" asserts="0" description="Parameter Validation">
                    <results>
                      <test-case description="Parameter id cannot be $null or empty" name="Public/Export-RubrikVM.Parameters.Parameter Validation.Parameter id cannot be $null or empty" time="0.005" asserts="0" success="True" result="Success" executed="True" />
                      <test-case description="Parameter DatastoreId cannot be $null or empty" name="Public/Export-RubrikVM.Parameters.Parameter Validation.Parameter DatastoreId cannot be $null or empty" time="0.0048" asserts="0" success="True" result="Success" executed="True" />
                    </results>
                  </test-suite>
                  <test-case description="Should Return status of QUEUED" name="Public/Export-RubrikVM.Parameters.Should Return status of QUEUED" time="0.132" asserts="0" success="True" result="Success" executed="True" />
                </results>
              </test-suite>
            </results>
          </test-suite>
        </results>
      </test-suite>
      <test-suite type="TestFixture" name="C:\projects\powershell-module\tests\Get-RubrikAPIData.Tests.ps1" executed="True" result="Success" success="True" time="3.2643" asserts="0" description="C:\projects\powershell-module\tests\Get-RubrikAPIData.Tests.ps1">
        <results>
          <test-suite type="TestFixture" name="Private/Get-RubrikAPIData" executed="True" result="Success" success="True" time="2.9891" asserts="0" description="Private/Get-RubrikAPIData">
            <results>
              <test-suite type="TestFixture" name="Function specific tests" executed="True" result="Success" success="True" time="2.8807" asserts="0" description="Function specific tests">
                <results>
                  <test-suite type="ParameterizedTest" name="Private/Get-RubrikAPIData.Function specific tests.Get-RubrikAPIData - &lt;f&gt; test" executed="True" result="Success" success="True" time="2.0575" asserts="0" description="Get-RubrikAPIData - &lt;f&gt; test">
                    <results>
                      <test-case description="Get-RubrikAPIData - Connect-Rubrik test" name="Private/Get-RubrikAPIData.Function specific tests.Get-RubrikAPIData - Connect-Rubrik test" time="0.0437" asserts="0" success="True" result="Success" executed="True" />
                      <test-case description="Get-RubrikAPIData - Disconnect-Rubrik test" name="Private/Get-RubrikAPIData.Function specific tests.Get-RubrikAPIData - Disconnect-Rubrik test" time="0.0193" asserts="0" success="True" result="Success" executed="True" />
                      <test-case description="Get-RubrikAPIData - Export-RubrikDatabase test" name="Private/Get-RubrikAPIData.Function specific tests.Get-RubrikAPIData - Export-RubrikDatabase test" time="0.0226" asserts="0" success="True" result="Success" executed="True" />
                      <test-case description="Get-RubrikAPIData - Export-RubrikReport test" name="Private/Get-RubrikAPIData.Function specific tests.Get-RubrikAPIData - Export-RubrikReport test" time="0.0213" asserts="0" success="True" result="Success" executed="True" />
                      <test-case description="Get-RubrikAPIData - Export-RubrikVM test" name="Private/Get-RubrikAPIData.Function specific tests.Get-RubrikAPIData - Export-RubrikVM test" time="0.022" asserts="0" success="True" result="Success" executed="True" />
                      <test-case description="Get-RubrikAPIData - Get-RubrikAPIToken test" name="Private/Get-RubrikAPIData.Function specific tests.Get-RubrikAPIData - Get-RubrikAPIToken test" time="0.0205" asserts="0" success="True" result="Success" executed="True" />
                      <test-case description="Get-RubrikAPIData - Get-RubrikAPIVersion test" name="Private/Get-RubrikAPIData.Function specific tests.Get-RubrikAPIData - Get-RubrikAPIVersion test" time="0.0176" asserts="0" success="True" result="Success" executed="True" />
                      <test-case description="Get-RubrikAPIData - Get-RubrikAvailabilityGroup test" name="Private/Get-RubrikAPIData.Function specific tests.Get-RubrikAPIData - Get-RubrikAvailabilityGroup test" time="0.0173" asserts="0" success="True" result="Success" executed="True" />
                      <test-case description="Get-RubrikAPIData - Get-RubrikBootStrap test" name="Private/Get-RubrikAPIData.Function specific tests.Get-RubrikAPIData - Get-RubrikBootStrap test" time="0.0458" asserts="0" success="True" result="Success" executed="True" />
                      <test-case description="Get-RubrikAPIData - Get-RubrikDatabase test" name="Private/Get-RubrikAPIData.Function specific tests.Get-RubrikAPIData - Get-RubrikDatabase test" time="0.0171" asserts="0" success="True" result="Success" executed="True" />
                      <test-case description="Get-RubrikAPIData - Get-RubrikDatabaseFiles test" name="Private/Get-RubrikAPIData.Function specific tests.Get-RubrikAPIData - Get-RubrikDatabaseFiles test" time="0.0475" asserts="0" success="True" result="Success" executed="True" />
                      <test-case description="Get-RubrikAPIData - Get-RubrikDatabaseMount test" name="Private/Get-RubrikAPIData.Function specific tests.Get-RubrikAPIData - Get-RubrikDatabaseMount test" time="0.0152" asserts="0" success="True" result="Success" executed="True" />
                      <test-case description="Get-RubrikAPIData - Get-RubrikDatabaseRecoverableRange test" name="Private/Get-RubrikAPIData.Function specific tests.Get-RubrikAPIData - Get-RubrikDatabaseRecoverableRange test" time="0.0153" asserts="0" success="True" result="Success" executed="True" />
                      <test-case description="Get-RubrikAPIData - Get-RubrikEvent test" name="Private/Get-RubrikAPIData.Function specific tests.Get-RubrikAPIData - Get-RubrikEvent test" time="0.0151" asserts="0" success="True" result="Success" executed="True" />
                      <test-case description="Get-RubrikAPIData - Get-RubrikFileset test" name="Private/Get-RubrikAPIData.Function specific tests.Get-RubrikAPIData - Get-RubrikFileset test" time="0.0148" asserts="0" success="True" result="Success" executed="True" />
                      <test-case description="Get-RubrikAPIData - Get-RubrikFilesetTemplate test" name="Private/Get-RubrikAPIData.Function specific tests.Get-RubrikAPIData - Get-RubrikFilesetTemplate test" time="0.0184" asserts="0" success="True" result="Success" executed="True" />
                      <test-case description="Get-RubrikAPIData - Get-RubrikHost test" name="Private/Get-RubrikAPIData.Function specific tests.Get-RubrikAPIData - Get-RubrikHost test" time="0.0177" asserts="0" success="True" result="Success" executed="True" />
                      <test-case description="Get-RubrikAPIData - Get-RubrikHyperVVM test" name="Private/Get-RubrikAPIData.Function specific tests.Get-RubrikAPIData - Get-RubrikHyperVVM test" time="0.2448" asserts="0" success="True" result="Success" executed="True" />
                      <test-case description="Get-RubrikAPIData - Get-RubrikLDAP test" name="Private/Get-RubrikAPIData.Function specific tests.Get-RubrikAPIData - Get-RubrikLDAP test" time="0.0186" asserts="0" success="True" result="Success" executed="True" />
                      <test-case description="Get-RubrikAPIData - Get-RubrikLogShipping test" name="Private/Get-RubrikAPIData.Function specific tests.Get-RubrikAPIData - Get-RubrikLogShipping test" time="0.0145" asserts="0" success="True" result="Success" executed="True" />
                      <test-case description="Get-RubrikAPIData - Get-RubrikManagedVolume test" name="Private/Get-RubrikAPIData.Function specific tests.Get-RubrikAPIData - Get-RubrikManagedVolume test" time="0.0173" asserts="0" success="True" result="Success" executed="True" />
                      <test-case description="Get-RubrikAPIData - Get-RubrikManagedVolumeExport test" name="Private/Get-RubrikAPIData.Function specific tests.Get-RubrikAPIData - Get-RubrikManagedVolumeExport test" time="0.0139" asserts="0" success="True" result="Success" executed="True" />
                      <test-case description="Get-RubrikAPIData - Get-RubrikMount test" name="Private/Get-RubrikAPIData.Function specific tests.Get-RubrikAPIData - Get-RubrikMount test" time="0.0201" asserts="0" success="True" result="Success" executed="True" />
                      <test-case description="Get-RubrikAPIData - Get-RubrikNASShare test" name="Private/Get-RubrikAPIData.Function specific tests.Get-RubrikAPIData - Get-RubrikNASShare test" time="0.0806" asserts="0" success="True" result="Success" executed="True" />
                      <test-case description="Get-RubrikAPIData - Get-RubrikNutanixVM test" name="Private/Get-RubrikAPIData.Function specific tests.Get-RubrikAPIData - Get-RubrikNutanixVM test" time="0.0134" asserts="0" success="True" result="Success" executed="True" />
                      <test-case description="Get-RubrikAPIData - Get-RubrikOracleDB test" name="Private/Get-RubrikAPIData.Function specific tests.Get-RubrikAPIData - Get-RubrikOracleDB test" time="0.0137" asserts="0" success="True" result="Success" executed="True" />
                      <test-case description="Get-RubrikAPIData - Get-RubrikOrganization test" name="Private/Get-RubrikAPIData.Function specific tests.Get-RubrikAPIData - Get-RubrikOrganization test" time="0.0146" asserts="0" success="True" result="Success" executed="True" />
                      <test-case description="Get-RubrikAPIData - Get-RubrikReport test" name="Private/Get-RubrikAPIData.Function specific tests.Get-RubrikAPIData - Get-RubrikReport test" time="0.0133" asserts="0" success="True" result="Success" executed="True" />
                      <test-case description="Get-RubrikAPIData - Get-RubrikReportData test" name="Private/Get-RubrikAPIData.Function specific tests.Get-RubrikAPIData - Get-RubrikReportData test" time="0.0134" asserts="0" success="True" result="Success" executed="True" />
                      <test-case description="Get-RubrikAPIData - Get-RubrikRequest test" name="Private/Get-RubrikAPIData.Function specific tests.Get-RubrikAPIData - Get-RubrikRequest test" time="0.0124" asserts="0" success="True" result="Success" executed="True" />
                      <test-case description="Get-RubrikAPIData - Get-RubrikSetting test" name="Private/Get-RubrikAPIData.Function specific tests.Get-RubrikAPIData - Get-RubrikSetting test" time="0.013" asserts="0" success="True" result="Success" executed="True" />
                      <test-case description="Get-RubrikAPIData - Get-RubrikSLA test" name="Private/Get-RubrikAPIData.Function specific tests.Get-RubrikAPIData - Get-RubrikSLA test" time="0.0141" asserts="0" success="True" result="Success" executed="True" />
                      <test-case description="Get-RubrikAPIData - Get-RubrikSnapshot test" name="Private/Get-RubrikAPIData.Function specific tests.Get-RubrikAPIData - Get-RubrikSnapshot test" time="0.0153" asserts="0" success="True" result="Success" executed="True" />
                      <test-case description="Get-RubrikAPIData - Get-RubrikSoftwareVersion test" name="Private/Get-RubrikAPIData.Function specific tests.Get-RubrikAPIData - Get-RubrikSoftwareVersion test" time="0.0143" asserts="0" success="True" result="Success" executed="True" />
                      <test-case description="Get-RubrikAPIData - Get-RubrikSQLInstance test" name="Private/Get-RubrikAPIData.Function specific tests.Get-RubrikAPIData - Get-RubrikSQLInstance test" time="0.0137" asserts="0" success="True" result="Success" executed="True" />
                      <test-case description="Get-RubrikAPIData - Get-RubrikSupportTunnel test" name="Private/Get-RubrikAPIData.Function specific tests.Get-RubrikAPIData - Get-RubrikSupportTunnel test" time="0.0149" asserts="0" success="True" result="Success" executed="True" />
                      <test-case description="Get-RubrikAPIData - Get-RubrikUnmanagedObject test" name="Private/Get-RubrikAPIData.Function specific tests.Get-RubrikAPIData - Get-RubrikUnmanagedObject test" time="0.0134" asserts="0" success="True" result="Success" executed="True" />
                      <test-case description="Get-RubrikAPIData - Get-RubrikVCenter test" name="Private/Get-RubrikAPIData.Function specific tests.Get-RubrikAPIData - Get-RubrikVCenter test" time="0.0162" asserts="0" success="True" result="Success" executed="True" />
                      <test-case description="Get-RubrikAPIData - Get-RubrikVersion test" name="Private/Get-RubrikAPIData.Function specific tests.Get-RubrikAPIData - Get-RubrikVersion test" time="0.014" asserts="0" success="True" result="Success" executed="True" />
                      <test-case description="Get-RubrikAPIData - Get-RubrikVM test" name="Private/Get-RubrikAPIData.Function specific tests.Get-RubrikAPIData - Get-RubrikVM test" time="0.0166" asserts="0" success="True" result="Success" executed="True" />
                      <test-case description="Get-RubrikAPIData - Get-RubrikVMSnapshot test" name="Private/Get-RubrikAPIData.Function specific tests.Get-RubrikAPIData - Get-RubrikVMSnapshot test" time="0.0142" asserts="0" success="True" result="Success" executed="True" />
                      <test-case description="Get-RubrikAPIData - Get-RubrikVMwareDatastore test" name="Private/Get-RubrikAPIData.Function specific tests.Get-RubrikAPIData - Get-RubrikVMwareDatastore test" time="0.0166" asserts="0" success="True" result="Success" executed="True" />
                      <test-case description="Get-RubrikAPIData - Get-RubrikVMwareHost test" name="Private/Get-RubrikAPIData.Function specific tests.Get-RubrikAPIData - Get-RubrikVMwareHost test" time="0.0146" asserts="0" success="True" result="Success" executed="True" />
                      <test-case description="Get-RubrikAPIData - Get-RubrikVolumeGroup test" name="Private/Get-RubrikAPIData.Function specific tests.Get-RubrikAPIData - Get-RubrikVolumeGroup test" time="0.0157" asserts="0" success="True" result="Success" executed="True" />
                      <test-case description="Get-RubrikAPIData - Get-RubrikVolumeGroupMount test" name="Private/Get-RubrikAPIData.Function specific tests.Get-RubrikAPIData - Get-RubrikVolumeGroupMount test" time="0.0145" asserts="0" success="True" result="Success" executed="True" />
                      <test-case description="Get-RubrikAPIData - New-RubrikAPIToken test" name="Private/Get-RubrikAPIData.Function specific tests.Get-RubrikAPIData - New-RubrikAPIToken test" time="0.0157" asserts="0" success="True" result="Success" executed="True" />
                      <test-case description="Get-RubrikAPIData - New-RubrikBootStrap test" name="Private/Get-RubrikAPIData.Function specific tests.Get-RubrikAPIData - New-RubrikBootStrap test" time="0.0375" asserts="0" success="True" result="Success" executed="True" />
                      <test-case description="Get-RubrikAPIData - New-RubrikDatabaseMount test" name="Private/Get-RubrikAPIData.Function specific tests.Get-RubrikAPIData - New-RubrikDatabaseMount test" time="0.045" asserts="0" success="True" result="Success" executed="True" />
                      <test-case description="Get-RubrikAPIData - New-RubrikFileset test" name="Private/Get-RubrikAPIData.Function specific tests.Get-RubrikAPIData - New-RubrikFileset test" time="0.0141" asserts="0" success="True" result="Success" executed="True" />
                      <test-case description="Get-RubrikAPIData - New-RubrikFilesetTemplate test" name="Private/Get-RubrikAPIData.Function specific tests.Get-RubrikAPIData - New-RubrikFilesetTemplate test" time="0.0135" asserts="0" success="True" result="Success" executed="True" />
                      <test-case description="Get-RubrikAPIData - New-RubrikHost test" name="Private/Get-RubrikAPIData.Function specific tests.Get-RubrikAPIData - New-RubrikHost test" time="0.0135" asserts="0" success="True" result="Success" executed="True" />
                      <test-case description="Get-RubrikAPIData - New-RubrikLDAP test" name="Private/Get-RubrikAPIData.Function specific tests.Get-RubrikAPIData - New-RubrikLDAP test" time="0.0129" asserts="0" success="True" result="Success" executed="True" />
                      <test-case description="Get-RubrikAPIData - New-RubrikLogBackup test" name="Private/Get-RubrikAPIData.Function specific tests.Get-RubrikAPIData - New-RubrikLogBackup test" time="0.0133" asserts="0" success="True" result="Success" executed="True" />
                      <test-case description="Get-RubrikAPIData - New-RubrikLogShipping test" name="Private/Get-RubrikAPIData.Function specific tests.Get-RubrikAPIData - New-RubrikLogShipping test" time="0.0132" asserts="0" success="True" result="Success" executed="True" />
                      <test-case description="Get-RubrikAPIData - New-RubrikManagedVolume test" name="Private/Get-RubrikAPIData.Function specific tests.Get-RubrikAPIData - New-RubrikManagedVolume test" time="0.013" asserts="0" success="True" result="Success" executed="True" />
                      <test-case description="Get-RubrikAPIData - New-RubrikManagedVolumeExport test" name="Private/Get-RubrikAPIData.Function specific tests.Get-RubrikAPIData - New-RubrikManagedVolumeExport test" time="0.0135" asserts="0" success="True" result="Success" executed="True" />
                      <test-case description="Get-RubrikAPIData - New-RubrikMount test" name="Private/Get-RubrikAPIData.Function specific tests.Get-RubrikAPIData - New-RubrikMount test" time="0.0132" asserts="0" success="True" result="Success" executed="True" />
                      <test-case description="Get-RubrikAPIData - New-RubrikNASShare test" name="Private/Get-RubrikAPIData.Function specific tests.Get-RubrikAPIData - New-RubrikNASShare test" time="0.0134" asserts="0" success="True" result="Success" executed="True" />
                      <test-case description="Get-RubrikAPIData - New-RubrikReport test" name="Private/Get-RubrikAPIData.Function specific tests.Get-RubrikAPIData - New-RubrikReport test" time="0.0154" asserts="0" success="True" result="Success" executed="True" />
                      <test-case description="Get-RubrikAPIData - New-RubrikSLA test" name="Private/Get-RubrikAPIData.Function specific tests.Get-RubrikAPIData - New-RubrikSLA test" time="0.0133" asserts="0" success="True" result="Success" executed="True" />
                      <test-case description="Get-RubrikAPIData - New-RubrikSnapshot test" name="Private/Get-RubrikAPIData.Function specific tests.Get-RubrikAPIData - New-RubrikSnapshot test" time="0.0174" asserts="0" success="True" result="Success" executed="True" />
                      <test-case description="Get-RubrikAPIData - New-RubrikVCenter test" name="Private/Get-RubrikAPIData.Function specific tests.Get-RubrikAPIData - New-RubrikVCenter test" time="0.013" asserts="0" success="True" result="Success" executed="True" />
                      <test-case description="Get-RubrikAPIData - New-RubrikVMDKMount test" name="Private/Get-RubrikAPIData.Function specific tests.Get-RubrikAPIData - New-RubrikVMDKMount test" time="0.0155" asserts="0" success="True" result="Success" executed="True" />
                      <test-case description="Get-RubrikAPIData - New-RubrikVolumeGroupMount test" name="Private/Get-RubrikAPIData.Function specific tests.Get-RubrikAPIData - New-RubrikVolumeGroupMount test" time="0.0133" asserts="0" success="True" result="Success" executed="True" />
                      <test-case description="Get-RubrikAPIData - Protect-RubrikDatabase test" name="Private/Get-RubrikAPIData.Function specific tests.Get-RubrikAPIData - Protect-RubrikDatabase test" time="0.0153" asserts="0" success="True" result="Success" executed="True" />
                      <test-case description="Get-RubrikAPIData - Protect-RubrikFileset test" name="Private/Get-RubrikAPIData.Function specific tests.Get-RubrikAPIData - Protect-RubrikFileset test" time="0.0128" asserts="0" success="True" result="Success" executed="True" />
                      <test-case description="Get-RubrikAPIData - Protect-RubrikHyperVVM test" name="Private/Get-RubrikAPIData.Function specific tests.Get-RubrikAPIData - Protect-RubrikHyperVVM test" time="0.0257" asserts="0" success="True" result="Success" executed="True" />
                      <test-case description="Get-RubrikAPIData - Protect-RubrikNutanixVM test" name="Private/Get-RubrikAPIData.Function specific tests.Get-RubrikAPIData - Protect-RubrikNutanixVM test" time="0.0133" asserts="0" success="True" result="Success" executed="True" />
                      <test-case description="Get-RubrikAPIData - Protect-RubrikTag test" name="Private/Get-RubrikAPIData.Function specific tests.Get-RubrikAPIData - Protect-RubrikTag test" time="0.0144" asserts="0" success="True" result="Success" executed="True" />
                      <test-case description="Get-RubrikAPIData - Protect-RubrikVM test" name="Private/Get-RubrikAPIData.Function specific tests.Get-RubrikAPIData - Protect-RubrikVM test" time="0.0127" asserts="0" success="True" result="Success" executed="True" />
                      <test-case description="Get-RubrikAPIData - Register-RubrikBackupService test" name="Private/Get-RubrikAPIData.Function specific tests.Get-RubrikAPIData - Register-RubrikBackupService test" time="0.014" asserts="0" success="True" result="Success" executed="True" />
                      <test-case description="Get-RubrikAPIData - Remove-RubrikAPIToken test" name="Private/Get-RubrikAPIData.Function specific tests.Get-RubrikAPIData - Remove-RubrikAPIToken test" time="0.013" asserts="0" success="True" result="Success" executed="True" />
                      <test-case description="Get-RubrikAPIData - Remove-RubrikDatabaseMount test" name="Private/Get-RubrikAPIData.Function specific tests.Get-RubrikAPIData - Remove-RubrikDatabaseMount test" time="0.0148" asserts="0" success="True" result="Success" executed="True" />
                      <test-case description="Get-RubrikAPIData - Remove-RubrikFileset test" name="Private/Get-RubrikAPIData.Function specific tests.Get-RubrikAPIData - Remove-RubrikFileset test" time="0.0134" asserts="0" success="True" result="Success" executed="True" />
                      <test-case description="Get-RubrikAPIData - Remove-RubrikHost test" name="Private/Get-RubrikAPIData.Function specific tests.Get-RubrikAPIData - Remove-RubrikHost test" time="0.0129" asserts="0" success="True" result="Success" executed="True" />
                      <test-case description="Get-RubrikAPIData - Remove-RubrikLogShipping test" name="Private/Get-RubrikAPIData.Function specific tests.Get-RubrikAPIData - Remove-RubrikLogShipping test" time="0.0129" asserts="0" success="True" result="Success" executed="True" />
                      <test-case description="Get-RubrikAPIData - Remove-RubrikManagedVolume test" name="Private/Get-RubrikAPIData.Function specific tests.Get-RubrikAPIData - Remove-RubrikManagedVolume test" time="0.0133" asserts="0" success="True" result="Success" executed="True" />
                      <test-case description="Get-RubrikAPIData - Remove-RubrikManagedVolumeExport test" name="Private/Get-RubrikAPIData.Function specific tests.Get-RubrikAPIData - Remove-RubrikManagedVolumeExport test" time="0.0129" asserts="0" success="True" result="Success" executed="True" />
                      <test-case description="Get-RubrikAPIData - Remove-RubrikMount test" name="Private/Get-RubrikAPIData.Function specific tests.Get-RubrikAPIData - Remove-RubrikMount test" time="0.0132" asserts="0" success="True" result="Success" executed="True" />
                      <test-case description="Get-RubrikAPIData - Remove-RubrikNASShare test" name="Private/Get-RubrikAPIData.Function specific tests.Get-RubrikAPIData - Remove-RubrikNASShare test" time="0.0129" asserts="0" success="True" result="Success" executed="True" />
                      <test-case description="Get-RubrikAPIData - Remove-RubrikReport test" name="Private/Get-RubrikAPIData.Function specific tests.Get-RubrikAPIData - Remove-RubrikReport test" time="0.0126" asserts="0" success="True" result="Success" executed="True" />
                      <test-case description="Get-RubrikAPIData - Remove-RubrikSLA test" name="Private/Get-RubrikAPIData.Function specific tests.Get-RubrikAPIData - Remove-RubrikSLA test" time="0.0145" asserts="0" success="True" result="Success" executed="True" />
                      <test-case description="Get-RubrikAPIData - Remove-RubrikUnmanagedObject test" name="Private/Get-RubrikAPIData.Function specific tests.Get-RubrikAPIData - Remove-RubrikUnmanagedObject test" time="0.013" asserts="0" success="True" result="Success" executed="True" />
                      <test-case description="Get-RubrikAPIData - Remove-RubrikVCenter test" name="Private/Get-RubrikAPIData.Function specific tests.Get-RubrikAPIData - Remove-RubrikVCenter test" time="0.0154" asserts="0" success="True" result="Success" executed="True" />
                      <test-case description="Get-RubrikAPIData - Remove-RubrikVMSnapshot test" name="Private/Get-RubrikAPIData.Function specific tests.Get-RubrikAPIData - Remove-RubrikVMSnapshot test" time="0.0126" asserts="0" success="True" result="Success" executed="True" />
                      <test-case description="Get-RubrikAPIData - Remove-RubrikVolumeGroupMount test" name="Private/Get-RubrikAPIData.Function specific tests.Get-RubrikAPIData - Remove-RubrikVolumeGroupMount test" time="0.0151" asserts="0" success="True" result="Success" executed="True" />
                      <test-case description="Get-RubrikAPIData - Reset-RubrikLogShipping test" name="Private/Get-RubrikAPIData.Function specific tests.Get-RubrikAPIData - Reset-RubrikLogShipping test" time="0.0129" asserts="0" success="True" result="Success" executed="True" />
                      <test-case description="Get-RubrikAPIData - Restore-RubrikDatabase test" name="Private/Get-RubrikAPIData.Function specific tests.Get-RubrikAPIData - Restore-RubrikDatabase test" time="0.0154" asserts="0" success="True" result="Success" executed="True" />
                      <test-case description="Get-RubrikAPIData - Set-RubrikAvailabilityGroup test" name="Private/Get-RubrikAPIData.Function specific tests.Get-RubrikAPIData - Set-RubrikAvailabilityGroup test" time="0.0126" asserts="0" success="True" result="Success" executed="True" />
                      <test-case description="Get-RubrikAPIData - Set-RubrikBlackout test" name="Private/Get-RubrikAPIData.Function specific tests.Get-RubrikAPIData - Set-RubrikBlackout test" time="0.0154" asserts="0" success="True" result="Success" executed="True" />
                      <test-case description="Get-RubrikAPIData - Set-RubrikDatabase test" name="Private/Get-RubrikAPIData.Function specific tests.Get-RubrikAPIData - Set-RubrikDatabase test" time="0.0135" asserts="0" success="True" result="Success" executed="True" />
                      <test-case description="Get-RubrikAPIData - Set-RubrikHyperVVM test" name="Private/Get-RubrikAPIData.Function specific tests.Get-RubrikAPIData - Set-RubrikHyperVVM test" time="0.0149" asserts="0" success="True" result="Success" executed="True" />
                      <test-case description="Get-RubrikAPIData - Set-RubrikLogShipping test" name="Private/Get-RubrikAPIData.Function specific tests.Get-RubrikAPIData - Set-RubrikLogShipping test" time="0.0133" asserts="0" success="True" result="Success" executed="True" />
                      <test-case description="Get-RubrikAPIData - Set-RubrikManagedVolume test" name="Private/Get-RubrikAPIData.Function specific tests.Get-RubrikAPIData - Set-RubrikManagedVolume test" time="0.0148" asserts="0" success="True" result="Success" executed="True" />
                      <test-case description="Get-RubrikAPIData - Set-RubrikMount test" name="Private/Get-RubrikAPIData.Function specific tests.Get-RubrikAPIData - Set-RubrikMount test" time="0.0138" asserts="0" success="True" result="Success" executed="True" />
                      <test-case description="Get-RubrikAPIData - Set-RubrikNASShare test" name="Private/Get-RubrikAPIData.Function specific tests.Get-RubrikAPIData - Set-RubrikNASShare test" time="0.0127" asserts="0" success="True" result="Success" executed="True" />
                      <test-case description="Get-RubrikAPIData - Set-RubrikNutanixVM test" name="Private/Get-RubrikAPIData.Function specific tests.Get-RubrikAPIData - Set-RubrikNutanixVM test" time="0.0133" asserts="0" success="True" result="Success" executed="True" />
                      <test-case description="Get-RubrikAPIData - Set-RubrikSetting test" name="Private/Get-RubrikAPIData.Function specific tests.Get-RubrikAPIData - Set-RubrikSetting test" time="0.0134" asserts="0" success="True" result="Success" executed="True" />
                      <test-case description="Get-RubrikAPIData - Set-RubrikSLA test" name="Private/Get-RubrikAPIData.Function specific tests.Get-RubrikAPIData - Set-RubrikSLA test" time="0.0138" asserts="0" success="True" result="Success" executed="True" />
                      <test-case description="Get-RubrikAPIData - Set-RubrikSQLInstance test" name="Private/Get-RubrikAPIData.Function specific tests.Get-RubrikAPIData - Set-RubrikSQLInstance test" time="0.0138" asserts="0" success="True" result="Success" executed="True" />
                      <test-case description="Get-RubrikAPIData - Set-RubrikSupportTunnel test" name="Private/Get-RubrikAPIData.Function specific tests.Get-RubrikAPIData - Set-RubrikSupportTunnel test" time="0.0149" asserts="0" success="True" result="Success" executed="True" />
                      <test-case description="Get-RubrikAPIData - Set-RubrikVCenter test" name="Private/Get-RubrikAPIData.Function specific tests.Get-RubrikAPIData - Set-RubrikVCenter test" time="0.0139" asserts="0" success="True" result="Success" executed="True" />
                      <test-case description="Get-RubrikAPIData - Set-RubrikVM test" name="Private/Get-RubrikAPIData.Function specific tests.Get-RubrikAPIData - Set-RubrikVM test" time="0.0142" asserts="0" success="True" result="Success" executed="True" />
                      <test-case description="Get-RubrikAPIData - Set-RubrikVolumeFilterDriver test" name="Private/Get-RubrikAPIData.Function specific tests.Get-RubrikAPIData - Set-RubrikVolumeFilterDriver test" time="0.0144" asserts="0" success="True" result="Success" executed="True" />
                      <test-case description="Get-RubrikAPIData - Start-RubrikManagedVolumeSnapshot test" name="Private/Get-RubrikAPIData.Function specific tests.Get-RubrikAPIData - Start-RubrikManagedVolumeSnapshot test" time="0.0157" asserts="0" success="True" result="Success" executed="True" />
                      <test-case description="Get-RubrikAPIData - Stop-RubrikManagedVolumeSnapshot test" name="Private/Get-RubrikAPIData.Function specific tests.Get-RubrikAPIData - Stop-RubrikManagedVolumeSnapshot test" time="0.0133" asserts="0" success="True" result="Success" executed="True" />
                      <test-case description="Get-RubrikAPIData - Update-RubrikHost test" name="Private/Get-RubrikAPIData.Function specific tests.Get-RubrikAPIData - Update-RubrikHost test" time="0.0152" asserts="0" success="True" result="Success" executed="True" />
                      <test-case description="Get-RubrikAPIData - Update-RubrikVCenter test" name="Private/Get-RubrikAPIData.Function specific tests.Get-RubrikAPIData - Update-RubrikVCenter test" time="0.0135" asserts="0" success="True" result="Success" executed="True" />
                      <test-case description="Get-RubrikAPIData - Update-RubrikVMwareVM test" name="Private/Get-RubrikAPIData.Function specific tests.Get-RubrikAPIData - Update-RubrikVMwareVM test" time="0.0154" asserts="0" success="True" result="Success" executed="True" />
                    </results>
                  </test-suite>
                </results>
              </test-suite>
              <test-suite type="TestFixture" name="Failure tests, validate incorrect input" executed="True" result="Success" success="True" time="0.0485" asserts="0" description="Failure tests, validate incorrect input">
                <results>
                  <test-case description="Get-RubrikAPIData - Incorrect version number, should fail" name="Private/Get-RubrikAPIData.Failure tests, validate incorrect input.Get-RubrikAPIData - Incorrect version number, should fail" time="0.0122" asserts="0" success="True" result="Success" executed="True" />
                  <test-case description="Get-RubrikAPIData - Non-existent function, should fail" name="Private/Get-RubrikAPIData.Failure tests, validate incorrect input.Get-RubrikAPIData - Non-existent function, should fail" time="0.0173" asserts="0" success="True" result="Success" executed="True" />
                </results>
              </test-suite>
            </results>
          </test-suite>
        </results>
      </test-suite>
      <test-suite type="TestFixture" name="C:\projects\powershell-module\tests\Get-RubrikAPIToken.Tests.ps1" executed="True" result="Success" success="True" time="0.5838" asserts="0" description="C:\projects\powershell-module\tests\Get-RubrikAPIToken.Tests.ps1">
        <results>
          <test-suite type="TestFixture" name="Public/Get-RubrikAPIToken" executed="True" result="Success" success="True" time="0.3179" asserts="0" description="Public/Get-RubrikAPIToken">
            <results>
              <test-suite type="TestFixture" name="Results Filtering" executed="True" result="Success" success="True" time="0.2984" asserts="0" description="Results Filtering">
                <results>
                  <test-case description="Should Return count of 4" name="Public/Get-RubrikAPIToken.Results Filtering.Should Return count of 4" time="0.0587" asserts="0" success="True" result="Success" executed="True" />
                  <test-case description="Should Return count of 3" name="Public/Get-RubrikAPIToken.Results Filtering.Should Return count of 3" time="0.0289" asserts="0" success="True" result="Success" executed="True" />
                  <test-case description="Should Return 11111" name="Public/Get-RubrikAPIToken.Results Filtering.Should Return 11111" time="0.0292" asserts="0" success="True" result="Success" executed="True" />
                  <test-case description="Should return count of 0 " name="Public/Get-RubrikAPIToken.Results Filtering.Should return count of 0 " time="0.0236" asserts="0" success="True" result="Success" executed="True" />
                  <test-case description="Parameter UserID cannot be $null" name="Public/Get-RubrikAPIToken.Results Filtering.Parameter UserID cannot be $null" time="0.0044" asserts="0" success="True" result="Success" executed="True" />
                  <test-case description="Parameter UserId cannot be empty" name="Public/Get-RubrikAPIToken.Results Filtering.Parameter UserId cannot be empty" time="0.0042" asserts="0" success="True" result="Success" executed="True" />
                </results>
              </test-suite>
            </results>
          </test-suite>
        </results>
      </test-suite>
      <test-suite type="TestFixture" name="C:\projects\powershell-module\tests\Get-RubrikEvent.Tests.ps1" executed="True" result="Success" success="True" time="0.4034" asserts="0" description="C:\projects\powershell-module\tests\Get-RubrikEvent.Tests.ps1">
        <results>
          <test-suite type="TestFixture" name="Public/Get-RubrikEvent" executed="True" result="Success" success="True" time="0.1304" asserts="0" description="Public/Get-RubrikEvent">
            <results>
              <test-suite type="TestFixture" name="Results Filtering" executed="True" result="Success" success="True" time="0.1143" asserts="0" description="Results Filtering">
                <results>
                  <test-case description="Should Return count of 5" name="Public/Get-RubrikEvent.Results Filtering.Should Return count of 5" time="0.0581" asserts="0" success="True" result="Success" executed="True" />
                  <test-case description="Should not run with Name parameter" name="Public/Get-RubrikEvent.Results Filtering.Should not run with Name parameter" time="0.0038" asserts="0" success="True" result="Success" executed="True" />
                </results>
              </test-suite>
            </results>
          </test-suite>
        </results>
      </test-suite>
      <test-suite type="TestFixture" name="C:\projects\powershell-module\tests\Get-RubrikHost.Tests.ps1" executed="True" result="Success" success="True" time="0.51" asserts="0" description="C:\projects\powershell-module\tests\Get-RubrikHost.Tests.ps1">
        <results>
          <test-suite type="TestFixture" name="Public/Get-RubrikHost" executed="True" result="Success" success="True" time="0.2423" asserts="0" description="Public/Get-RubrikHost">
            <results>
              <test-suite type="TestFixture" name="Results Filtering" executed="True" result="Success" success="True" time="0.2251" asserts="0" description="Results Filtering">
                <results>
                  <test-case description="Should Return count of 5" name="Public/Get-RubrikHost.Results Filtering.Should Return count of 5" time="0.0745" asserts="0" success="True" result="Success" executed="True" />
                  <test-case description="Should Return host05" name="Public/Get-RubrikHost.Results Filtering.Should Return host05" time="0.03" asserts="0" success="True" result="Success" executed="True" />
                  <test-case description="Should Return Host:::22222" name="Public/Get-RubrikHost.Results Filtering.Should Return Host:::22222" time="0.0237" asserts="0" success="True" result="Success" executed="True" />
                  <test-case description="Should return count of 0 " name="Public/Get-RubrikHost.Results Filtering.Should return count of 0 " time="0.0246" asserts="0" success="True" result="Success" executed="True" />
                </results>
              </test-suite>
            </results>
          </test-suite>
        </results>
      </test-suite>
      <test-suite type="TestFixture" name="C:\projects\powershell-module\tests\Get-RubrikHyperVVM.Tests.ps1" executed="True" result="Success" success="True" time="0.6202" asserts="0" description="C:\projects\powershell-module\tests\Get-RubrikHyperVVM.Tests.ps1">
        <results>
          <test-suite type="TestFixture" name="Public/Get-RubrikHyperVVM" executed="True" result="Success" success="True" time="0.3349" asserts="0" description="Public/Get-RubrikHyperVVM">
            <results>
              <test-suite type="TestFixture" name="Parameter/SLA" executed="True" result="Success" success="True" time="0.1061" asserts="0" description="Parameter/SLA">
                <results>
                  <test-case description="should overwrite $SLAID" name="Public/Get-RubrikHyperVVM.Parameter/SLA.should overwrite $SLAID" time="0.0556" asserts="0" success="True" result="Success" executed="True" />
                </results>
              </test-suite>
              <test-suite type="TestFixture" name="Parameter/SLAID" executed="True" result="Success" success="True" time="0.0729" asserts="0" description="Parameter/SLAID">
                <results>
                  <test-case description="should not overwrite $SLAID" name="Public/Get-RubrikHyperVVM.Parameter/SLAID.should not overwrite $SLAID" time="0.0317" asserts="0" success="True" result="Success" executed="True" />
                </results>
              </test-suite>
              <test-suite type="TestFixture" name="Parameter Validation" executed="True" result="Success" success="True" time="0.1263" asserts="0" description="Parameter Validation">
                <results>
                  <test-case description="Parameter Name cannot be $null" name="Public/Get-RubrikHyperVVM.Parameter Validation.Parameter Name cannot be $null" time="0.0042" asserts="0" success="True" result="Success" executed="True" />
                  <test-case description="Parameter Name cannot be empty" name="Public/Get-RubrikHyperVVM.Parameter Validation.Parameter Name cannot be empty" time="0.004" asserts="0" success="True" result="Success" executed="True" />
                  <test-case description="Parameter ID cannot be $null" name="Public/Get-RubrikHyperVVM.Parameter Validation.Parameter ID cannot be $null" time="0.0039" asserts="0" success="True" result="Success" executed="True" />
                  <test-case description="Parameter ID cannot be empty" name="Public/Get-RubrikHyperVVM.Parameter Validation.Parameter ID cannot be empty" time="0.0038" asserts="0" success="True" result="Success" executed="True" />
                  <test-case description="Parameters Id and Name cannot be simultaneously used" name="Public/Get-RubrikHyperVVM.Parameter Validation.Parameters Id and Name cannot be simultaneously used" time="0.0037" asserts="0" success="True" result="Success" executed="True" />
                </results>
              </test-suite>
            </results>
          </test-suite>
        </results>
      </test-suite>
      <test-suite type="TestFixture" name="C:\projects\powershell-module\tests\Get-RubrikLDAP.Tests.ps1" executed="True" result="Success" success="True" time="0.5136" asserts="0" description="C:\projects\powershell-module\tests\Get-RubrikLDAP.Tests.ps1">
        <results>
          <test-suite type="TestFixture" name="Public/Get-RubrikLDAP" executed="True" result="Success" success="True" time="0.2162" asserts="0" description="Public/Get-RubrikLDAP">
            <results>
              <test-suite type="TestFixture" name="Parameter/SLA" executed="True" result="Success" success="True" time="0.1929" asserts="0" description="Parameter/SLA">
                <results>
                  <test-case description="Should return local" name="Public/Get-RubrikLDAP.Parameter/SLA.Should return local" time="0.0348" asserts="0" success="True" result="Success" executed="True" />
                  <test-case description="Should return rubrik.com" name="Public/Get-RubrikLDAP.Parameter/SLA.Should return rubrik.com" time="0.0191" asserts="0" success="True" result="Success" executed="True" />
                  <test-case description="Output should be PSCustomObject" name="Public/Get-RubrikLDAP.Parameter/SLA.Output should be PSCustomObject" time="0.0765" asserts="0" success="True" result="Success" executed="True" />
                </results>
              </test-suite>
            </results>
          </test-suite>
        </results>
      </test-suite>
      <test-suite type="TestFixture" name="C:\projects\powershell-module\tests\Get-RubrikManagedVolume.Tests.ps1" executed="True" result="Success" success="True" time="0.5367" asserts="0" description="C:\projects\powershell-module\tests\Get-RubrikManagedVolume.Tests.ps1">
        <results>
          <test-suite type="TestFixture" name="Public/Get-RubrikManagedVolume" executed="True" result="Success" success="True" time="0.2382" asserts="0" description="Public/Get-RubrikManagedVolume">
            <results>
              <test-suite type="TestFixture" name="Results Filtering" executed="True" result="Success" success="True" time="0.2202" asserts="0" description="Results Filtering">
                <results>
                  <test-case description="Should Return count of 2" name="Public/Get-RubrikManagedVolume.Results Filtering.Should Return count of 2" time="0.0363" asserts="0" success="True" result="Success" executed="True" />
                  <test-case description="Name filter non existant should return count of 0" name="Public/Get-RubrikManagedVolume.Results Filtering.Name filter non existant should return count of 0" time="0.0283" asserts="0" success="True" result="Success" executed="True" />
                  <test-case description="Name Filter - ID should be ManagedVolume:::22222" name="Public/Get-RubrikManagedVolume.Results Filtering.Name Filter - ID should be ManagedVolume:::22222" time="0.0262" asserts="0" success="True" result="Success" executed="True" />
                  <test-case description="SLA Filter should be count of 1" name="Public/Get-RubrikManagedVolume.Results Filtering.SLA Filter should be count of 1" time="0.0434" asserts="0" success="True" result="Success" executed="True" />
                  <test-case description="Missing ID Exception" name="Public/Get-RubrikManagedVolume.Results Filtering.Missing ID Exception" time="0.0069" asserts="0" success="True" result="Success" executed="True" />
                </results>
              </test-suite>
            </results>
          </test-suite>
        </results>
      </test-suite>
      <test-suite type="TestFixture" name="C:\projects\powershell-module\tests\Get-RubrikManagedVolumeExport.Tests.ps1" executed="True" result="Success" success="True" time="0.4406" asserts="0" description="C:\projects\powershell-module\tests\Get-RubrikManagedVolumeExport.Tests.ps1">
        <results>
          <test-suite type="TestFixture" name="Public/Get-RubrikManagedVolumeExport" executed="True" result="Success" success="True" time="0.1618" asserts="0" description="Public/Get-RubrikManagedVolumeExport">
            <results>
              <test-suite type="TestFixture" name="Results Filtering" executed="True" result="Success" success="True" time="0.1421" asserts="0" description="Results Filtering">
                <results>
                  <test-case description="Getting all exports should return count of 3" name="Public/Get-RubrikManagedVolumeExport.Results Filtering.Getting all exports should return count of 3" time="0.0331" asserts="0" success="True" result="Success" executed="True" />
                  <test-case description="Source name filter non existant name should return count of 0" name="Public/Get-RubrikManagedVolumeExport.Results Filtering.Source name filter non existant name should return count of 0" time="0.0243" asserts="0" success="True" result="Success" executed="True" />
                  <test-case description="Source name filter on individual name should return id of 33333-22222-33333" name="Public/Get-RubrikManagedVolumeExport.Results Filtering.Source name filter on individual name should return id of 33333-22222-33333" time="0.019" asserts="0" success="True" result="Success" executed="True" />
                  <test-case description="Missing id value should throw exception" name="Public/Get-RubrikManagedVolumeExport.Results Filtering.Missing id value should throw exception" time="0.0037" asserts="0" success="True" result="Success" executed="True" />
                </results>
              </test-suite>
            </results>
          </test-suite>
        </results>
      </test-suite>
      <test-suite type="TestFixture" name="C:\projects\powershell-module\tests\Get-RubrikNutanixVM.Tests.ps1" executed="True" result="Success" success="True" time="0.5672" asserts="0" description="C:\projects\powershell-module\tests\Get-RubrikNutanixVM.Tests.ps1">
        <results>
          <test-suite type="TestFixture" name="Public/Get-RubrikNutanixVM" executed="True" result="Success" success="True" time="0.3078" asserts="0" description="Public/Get-RubrikNutanixVM">
            <results>
              <test-suite type="TestFixture" name="Parameter/SLA" executed="True" result="Success" success="True" time="0.0857" asserts="0" description="Parameter/SLA">
                <results>
                  <test-case description="should overwrite $SLAID" name="Public/Get-RubrikNutanixVM.Parameter/SLA.should overwrite $SLAID" time="0.0383" asserts="0" success="True" result="Success" executed="True" />
                </results>
              </test-suite>
              <test-suite type="TestFixture" name="Parameter/SLAID" executed="True" result="Success" success="True" time="0.1354" asserts="0" description="Parameter/SLAID">
                <results>
                  <test-case description="should not overwrite $SLAID" name="Public/Get-RubrikNutanixVM.Parameter/SLAID.should not overwrite $SLAID" time="0.0263" asserts="0" success="True" result="Success" executed="True" />
                </results>
              </test-suite>
              <test-suite type="TestFixture" name="Parameter Validation" executed="True" result="Success" success="True" time="0.0647" asserts="0" description="Parameter Validation">
                <results>
                  <test-case description="Parameter Name cannot be $null" name="Public/Get-RubrikNutanixVM.Parameter Validation.Parameter Name cannot be $null" time="0.0042" asserts="0" success="True" result="Success" executed="True" />
                  <test-case description="Parameter Name cannot be empty" name="Public/Get-RubrikNutanixVM.Parameter Validation.Parameter Name cannot be empty" time="0.0039" asserts="0" success="True" result="Success" executed="True" />
                  <test-case description="Parameter ID cannot be $null" name="Public/Get-RubrikNutanixVM.Parameter Validation.Parameter ID cannot be $null" time="0.005" asserts="0" success="True" result="Success" executed="True" />
                  <test-case description="Parameter ID cannot be empty" name="Public/Get-RubrikNutanixVM.Parameter Validation.Parameter ID cannot be empty" time="0.0042" asserts="0" success="True" result="Success" executed="True" />
                  <test-case description="Parameters Id and Name cannot be simultaneously used" name="Public/Get-RubrikNutanixVM.Parameter Validation.Parameters Id and Name cannot be simultaneously used" time="0.004" asserts="0" success="True" result="Success" executed="True" />
                </results>
              </test-suite>
            </results>
          </test-suite>
        </results>
      </test-suite>
      <test-suite type="TestFixture" name="C:\projects\powershell-module\tests\Get-RubrikOracleDB.Tests.ps1" executed="True" result="Success" success="True" time="0.6392" asserts="0" description="C:\projects\powershell-module\tests\Get-RubrikOracleDB.Tests.ps1">
        <results>
          <test-suite type="TestFixture" name="Public/Get-RubrikOracleDB" executed="True" result="Success" success="True" time="0.3707" asserts="0" description="Public/Get-RubrikOracleDB">
            <results>
              <test-suite type="TestFixture" name="Parameter/SLA" executed="True" result="Success" success="True" time="0.1168" asserts="0" description="Parameter/SLA">
                <results>
                  <test-case description="should overwrite $SLAID" name="Public/Get-RubrikOracleDB.Parameter/SLA.should overwrite $SLAID" time="0.0605" asserts="0" success="True" result="Success" executed="True" />
                </results>
              </test-suite>
              <test-suite type="TestFixture" name="Parameter/SLAID" executed="True" result="Success" success="True" time="0.2335" asserts="0" description="Parameter/SLAID">
                <results>
                  <test-case description="SLAID Query should return OracleDB1 DB" name="Public/Get-RubrikOracleDB.Parameter/SLAID.SLAID Query should return OracleDB1 DB" time="0.0286" asserts="0" success="True" result="Success" executed="True" />
                  <test-case description="SLAID Query should return OracleDB1 SLA" name="Public/Get-RubrikOracleDB.Parameter/SLAID.SLAID Query should return OracleDB1 SLA" time="0.0289" asserts="0" success="True" result="Success" executed="True" />
                </results>
              </test-suite>
            </results>
          </test-suite>
        </results>
      </test-suite>
      <test-suite type="TestFixture" name="C:\projects\powershell-module\tests\Get-RubrikSLA.Tests.ps1" executed="True" result="Success" success="True" time="1.7981" asserts="0" description="C:\projects\powershell-module\tests\Get-RubrikSLA.Tests.ps1">
        <results>
          <test-suite type="TestFixture" name="Public/Get-RubrikSLA" executed="True" result="Success" success="True" time="1.371" asserts="0" description="Public/Get-RubrikSLA">
            <results>
              <test-suite type="TestFixture" name="Parameter/Name-v1" executed="True" result="Success" success="True" time="0.7885" asserts="0" description="Parameter/Name-v1">
                <results>
                  <test-case description="should filter on SLA name" name="Public/Get-RubrikSLA.Parameter/Name-v1.should filter on SLA name" time="0.0395" asserts="0" success="True" result="Success" executed="True" />
                  <test-case description="frequencies array should be populated" name="Public/Get-RubrikSLA.Parameter/Name-v1.frequencies array should be populated" time="0.0331" asserts="0" success="True" result="Success" executed="True" />
                  <test-case description="hourly frequency set" name="Public/Get-RubrikSLA.Parameter/Name-v1.hourly frequency set" time="0.0263" asserts="0" success="True" result="Success" executed="True" />
                  <test-case description="hourly retention set" name="Public/Get-RubrikSLA.Parameter/Name-v1.hourly retention set" time="0.0245" asserts="0" success="True" result="Success" executed="True" />
                  <test-case description="daily frequency set" name="Public/Get-RubrikSLA.Parameter/Name-v1.daily frequency set" time="0.2055" asserts="0" success="True" result="Success" executed="True" />
                  <test-case description="daily retention set" name="Public/Get-RubrikSLA.Parameter/Name-v1.daily retention set" time="0.1453" asserts="0" success="True" result="Success" executed="True" />
                  <test-case description="weekly frequency set" name="Public/Get-RubrikSLA.Parameter/Name-v1.weekly frequency set" time="0.035" asserts="0" success="True" result="Success" executed="True" />
                  <test-case description="weekly retention set" name="Public/Get-RubrikSLA.Parameter/Name-v1.weekly retention set" time="0.0173" asserts="0" success="True" result="Success" executed="True" />
                  <test-case description="monthly frequency set" name="Public/Get-RubrikSLA.Parameter/Name-v1.monthly frequency set" time="0.0203" asserts="0" success="True" result="Success" executed="True" />
                  <test-case description="monthly retention set" name="Public/Get-RubrikSLA.Parameter/Name-v1.monthly retention set" time="0.0189" asserts="0" success="True" result="Success" executed="True" />
                  <test-case description="yearly frequency set" name="Public/Get-RubrikSLA.Parameter/Name-v1.yearly frequency set" time="0.02" asserts="0" success="True" result="Success" executed="True" />
                  <test-case description="yearly retention set" name="Public/Get-RubrikSLA.Parameter/Name-v1.yearly retention set" time="0.0197" asserts="0" success="True" result="Success" executed="True" />
                </results>
              </test-suite>
              <test-suite type="TestFixture" name="Parameter/Name-v2" executed="True" result="Success" success="True" time="0.5" asserts="0" description="Parameter/Name-v2">
                <results>
                  <test-case description="should filter on SLA name" name="Public/Get-RubrikSLA.Parameter/Name-v2.should filter on SLA name" time="0.0181" asserts="0" success="True" result="Success" executed="True" />
                  <test-case description="hourly frequency exists" name="Public/Get-RubrikSLA.Parameter/Name-v2.hourly frequency exists" time="0.0224" asserts="0" success="True" result="Success" executed="True" />
                  <test-case description="hourly frequency set" name="Public/Get-RubrikSLA.Parameter/Name-v2.hourly frequency set" time="0.0212" asserts="0" success="True" result="Success" executed="True" />
                  <test-case description="hourly retention set" name="Public/Get-RubrikSLA.Parameter/Name-v2.hourly retention set" time="0.0225" asserts="0" success="True" result="Success" executed="True" />
                  <test-case description="daily frequency exists" name="Public/Get-RubrikSLA.Parameter/Name-v2.daily frequency exists" time="0.0221" asserts="0" success="True" result="Success" executed="True" />
                  <test-case description="daily frequency set" name="Public/Get-RubrikSLA.Parameter/Name-v2.daily frequency set" time="0.0166" asserts="0" success="True" result="Success" executed="True" />
                  <test-case description="daily retention set" name="Public/Get-RubrikSLA.Parameter/Name-v2.daily retention set" time="0.0169" asserts="0" success="True" result="Success" executed="True" />
                  <test-case description="weekly frequency exists" name="Public/Get-RubrikSLA.Parameter/Name-v2.weekly frequency exists" time="0.021" asserts="0" success="True" result="Success" executed="True" />
                  <test-case description="weekly frequency set" name="Public/Get-RubrikSLA.Parameter/Name-v2.weekly frequency set" time="0.0204" asserts="0" success="True" result="Success" executed="True" />
                  <test-case description="weekly retention set" name="Public/Get-RubrikSLA.Parameter/Name-v2.weekly retention set" time="0.0205" asserts="0" success="True" result="Success" executed="True" />
                  <test-case description="monthly frequency exists" name="Public/Get-RubrikSLA.Parameter/Name-v2.monthly frequency exists" time="0.0184" asserts="0" success="True" result="Success" executed="True" />
                  <test-case description="monthly frequency set" name="Public/Get-RubrikSLA.Parameter/Name-v2.monthly frequency set" time="0.0245" asserts="0" success="True" result="Success" executed="True" />
                  <test-case description="monthly retention set" name="Public/Get-RubrikSLA.Parameter/Name-v2.monthly retention set" time="0.0206" asserts="0" success="True" result="Success" executed="True" />
                  <test-case description="yearly frequency exists" name="Public/Get-RubrikSLA.Parameter/Name-v2.yearly frequency exists" time="0.0219" asserts="0" success="True" result="Success" executed="True" />
                  <test-case description="yearly frequency set" name="Public/Get-RubrikSLA.Parameter/Name-v2.yearly frequency set" time="0.0167" asserts="0" success="True" result="Success" executed="True" />
                  <test-case description="yearly retention set" name="Public/Get-RubrikSLA.Parameter/Name-v2.yearly retention set" time="0.0169" asserts="0" success="True" result="Success" executed="True" />
                </results>
              </test-suite>
              <test-suite type="TestFixture" name="Parameter Validation" executed="True" result="Success" success="True" time="0.0585" asserts="0" description="Parameter Validation">
                <results>
                  <test-case description="Parameter Name cannot be $null" name="Public/Get-RubrikSLA.Parameter Validation.Parameter Name cannot be $null" time="0.0083" asserts="0" success="True" result="Success" executed="True" />
                  <test-case description="Parameter Name cannot be empty" name="Public/Get-RubrikSLA.Parameter Validation.Parameter Name cannot be empty" time="0.0044" asserts="0" success="True" result="Success" executed="True" />
                  <test-case description="Parameter ID cannot be $null" name="Public/Get-RubrikSLA.Parameter Validation.Parameter ID cannot be $null" time="0.0038" asserts="0" success="True" result="Success" executed="True" />
                  <test-case description="Parameter ID cannot be empty" name="Public/Get-RubrikSLA.Parameter Validation.Parameter ID cannot be empty" time="0.0041" asserts="0" success="True" result="Success" executed="True" />
                  <test-case description="Parameters ID and Name cannot be simultaneously used" name="Public/Get-RubrikSLA.Parameter Validation.Parameters ID and Name cannot be simultaneously used" time="0.0038" asserts="0" success="True" result="Success" executed="True" />
                </results>
              </test-suite>
            </results>
          </test-suite>
        </results>
      </test-suite>
      <test-suite type="TestFixture" name="C:\projects\powershell-module\tests\Get-RubrikVM.Tests.ps1" executed="True" result="Success" success="True" time="0.5052" asserts="0" description="C:\projects\powershell-module\tests\Get-RubrikVM.Tests.ps1">
        <results>
          <test-suite type="TestFixture" name="Public/Get-RubrikVM" executed="True" result="Success" success="True" time="0.2291" asserts="0" description="Public/Get-RubrikVM">
            <results>
              <test-suite type="TestFixture" name="Parameter/SLA" executed="True" result="Success" success="True" time="0.0945" asserts="0" description="Parameter/SLA">
                <results>
                  <test-case description="should overwrite $SLAID" name="Public/Get-RubrikVM.Parameter/SLA.should overwrite $SLAID" time="0.0473" asserts="0" success="True" result="Success" executed="True" />
                </results>
              </test-suite>
              <test-suite type="TestFixture" name="Parameter/SLAID" executed="True" result="Success" success="True" time="0.0582" asserts="0" description="Parameter/SLAID">
                <results>
                  <test-case description="should not overwrite $SLAID" name="Public/Get-RubrikVM.Parameter/SLAID.should not overwrite $SLAID" time="0.0235" asserts="0" success="True" result="Success" executed="True" />
                </results>
              </test-suite>
              <test-suite type="TestFixture" name="Parameter Validation" executed="True" result="Success" success="True" time="0.0539" asserts="0" description="Parameter Validation">
                <results>
                  <test-case description="Parameter Name cannot be $null" name="Public/Get-RubrikVM.Parameter Validation.Parameter Name cannot be $null" time="0.0043" asserts="0" success="True" result="Success" executed="True" />
                  <test-case description="Parameter Name cannot be empty" name="Public/Get-RubrikVM.Parameter Validation.Parameter Name cannot be empty" time="0.0037" asserts="0" success="True" result="Success" executed="True" />
                  <test-case description="Parameter ID cannot be $null" name="Public/Get-RubrikVM.Parameter Validation.Parameter ID cannot be $null" time="0.0038" asserts="0" success="True" result="Success" executed="True" />
                  <test-case description="Parameter ID cannot be empty" name="Public/Get-RubrikVM.Parameter Validation.Parameter ID cannot be empty" time="0.0038" asserts="0" success="True" result="Success" executed="True" />
                  <test-case description="Parameters Id and Name cannot be simultaneously used" name="Public/Get-RubrikVM.Parameter Validation.Parameters Id and Name cannot be simultaneously used" time="0.0037" asserts="0" success="True" result="Success" executed="True" />
                </results>
              </test-suite>
            </results>
          </test-suite>
        </results>
      </test-suite>
      <test-suite type="TestFixture" name="C:\projects\powershell-module\tests\Get-RubrikVMwareDatastore.Tests.ps1" executed="True" result="Success" success="True" time="0.4607" asserts="0" description="C:\projects\powershell-module\tests\Get-RubrikVMwareDatastore.Tests.ps1">
        <results>
          <test-suite type="TestFixture" name="Public/Get-RubrikVMwareDatastore" executed="True" result="Success" success="True" time="0.1937" asserts="0" description="Public/Get-RubrikVMwareDatastore">
            <results>
              <test-suite type="TestFixture" name="Results Filtering" executed="True" result="Success" success="True" time="0.1777" asserts="0" description="Results Filtering">
                <results>
                  <test-case description="Should Return count of 4" name="Public/Get-RubrikVMwareDatastore.Results Filtering.Should Return count of 4" time="0.0293" asserts="0" success="True" result="Success" executed="True" />
                  <test-case description="Should Return datastore03" name="Public/Get-RubrikVMwareDatastore.Results Filtering.Should Return datastore03" time="0.0188" asserts="0" success="True" result="Success" executed="True" />
                  <test-case description="Should Return Datastore:::22222" name="Public/Get-RubrikVMwareDatastore.Results Filtering.Should Return Datastore:::22222" time="0.0158" asserts="0" success="True" result="Success" executed="True" />
                  <test-case description="Should return count of 2 " name="Public/Get-RubrikVMwareDatastore.Results Filtering.Should return count of 2 " time="0.0201" asserts="0" success="True" result="Success" executed="True" />
                  <test-case description="Should return count of 0 " name="Public/Get-RubrikVMwareDatastore.Results Filtering.Should return count of 0 " time="0.0197" asserts="0" success="True" result="Success" executed="True" />
                </results>
              </test-suite>
            </results>
          </test-suite>
        </results>
      </test-suite>
      <test-suite type="TestFixture" name="C:\projects\powershell-module\tests\Get-RubrikVMwareHost.Tests.ps1" executed="True" result="Success" success="True" time="0.4802" asserts="0" description="C:\projects\powershell-module\tests\Get-RubrikVMwareHost.Tests.ps1">
        <results>
          <test-suite type="TestFixture" name="Public/Get-RubrikVMwareHost" executed="True" result="Success" success="True" time="0.1861" asserts="0" description="Public/Get-RubrikVMwareHost">
            <results>
              <test-suite type="TestFixture" name="Results Filtering" executed="True" result="Success" success="True" time="0.1586" asserts="0" description="Results Filtering">
                <results>
                  <test-case description="Should Return count of 2" name="Public/Get-RubrikVMwareHost.Results Filtering.Should Return count of 2" time="0.032" asserts="0" success="True" result="Success" executed="True" />
                  <test-case description="Should Return esxi01.domain.local" name="Public/Get-RubrikVMwareHost.Results Filtering.Should Return esxi01.domain.local" time="0.0167" asserts="0" success="True" result="Success" executed="True" />
                  <test-case description="Should Return VMwareHost:::44444" name="Public/Get-RubrikVMwareHost.Results Filtering.Should Return VMwareHost:::44444" time="0.0172" asserts="0" success="True" result="Success" executed="True" />
                  <test-case description="Should return count of 4 " name="Public/Get-RubrikVMwareHost.Results Filtering.Should return count of 4 " time="0.0226" asserts="0" success="True" result="Success" executed="True" />
                </results>
              </test-suite>
            </results>
          </test-suite>
        </results>
      </test-suite>
      <test-suite type="TestFixture" name="C:\projects\powershell-module\tests\Get-RubrikVolumeGroup.Tests.ps1" executed="True" result="Success" success="True" time="0.472" asserts="0" description="C:\projects\powershell-module\tests\Get-RubrikVolumeGroup.Tests.ps1">
        <results>
          <test-suite type="TestFixture" name="Public/Get-RubrikVolumeGroup" executed="True" result="Success" success="True" time="0.1984" asserts="0" description="Public/Get-RubrikVolumeGroup">
            <results>
              <test-suite type="TestFixture" name="Results Filtering" executed="True" result="Success" success="True" time="0.1811" asserts="0" description="Results Filtering">
                <results>
                  <test-case description="Requesting all should return count of 4" name="Public/Get-RubrikVolumeGroup.Results Filtering.Requesting all should return count of 4" time="0.0499" asserts="0" success="True" result="Success" executed="True" />
                  <test-case description="Requesting name of VG04 should return id of VolumeGroup:::44444" name="Public/Get-RubrikVolumeGroup.Results Filtering.Requesting name of VG04 should return id of VolumeGroup:::44444" time="0.0195" asserts="0" success="True" result="Success" executed="True" />
                  <test-case description="Requesting SLA Gold returns count of 3" name="Public/Get-RubrikVolumeGroup.Results Filtering.Requesting SLA Gold returns count of 3" time="0.0247" asserts="0" success="True" result="Success" executed="True" />
                  <test-case description="Missing ID Exception" name="Public/Get-RubrikVolumeGroup.Results Filtering.Missing ID Exception" time="0.0038" asserts="0" success="True" result="Success" executed="True" />
                  <test-case description="Missing Name Exception" name="Public/Get-RubrikVolumeGroup.Results Filtering.Missing Name Exception" time="0.0035" asserts="0" success="True" result="Success" executed="True" />
                </results>
              </test-suite>
            </results>
          </test-suite>
        </results>
      </test-suite>
      <test-suite type="TestFixture" name="C:\projects\powershell-module\tests\Get-RubrikVolumeGroupMount.Tests.ps1" executed="True" result="Success" success="True" time="0.368" asserts="0" description="C:\projects\powershell-module\tests\Get-RubrikVolumeGroupMount.Tests.ps1">
        <results>
          <test-suite type="TestFixture" name="Public/Get-RubrikVolumeGroupMount" executed="True" result="Success" success="True" time="0.1032" asserts="0" description="Public/Get-RubrikVolumeGroupMount">
            <results>
              <test-suite type="TestFixture" name="Results Filtering" executed="True" result="Success" success="True" time="0.084" asserts="0" description="Results Filtering">
                <results>
                  <test-case description="Requesting all should return count of 4" name="Public/Get-RubrikVolumeGroupMount.Results Filtering.Requesting all should return count of 4" time="0.0299" asserts="0" success="True" result="Success" executed="True" />
                  <test-case description="Missing ID Exception" name="Public/Get-RubrikVolumeGroupMount.Results Filtering.Missing ID Exception" time="0.004" asserts="0" success="True" result="Success" executed="True" />
                  <test-case description="Missing Source Host Exception" name="Public/Get-RubrikVolumeGroupMount.Results Filtering.Missing Source Host Exception" time="0.0038" asserts="0" success="True" result="Success" executed="True" />
                </results>
              </test-suite>
            </results>
          </test-suite>
        </results>
      </test-suite>
      <test-suite type="TestFixture" name="C:\projects\powershell-module\tests\Move-RubrikMountVMDK.Tests.ps1" executed="True" result="Success" success="True" time="0.3978" asserts="0" description="C:\projects\powershell-module\tests\Move-RubrikMountVMDK.Tests.ps1">
        <results>
          <test-suite type="TestFixture" name="Public/Move-RubrikMountVMDK" executed="True" result="Success" success="True" time="0.1306" asserts="0" description="Public/Move-RubrikMountVMDK">
            <results>
              <test-suite type="TestFixture" name="Parameter/Date" executed="True" result="Success" success="True" time="0.0829" asserts="0" description="Parameter/Date">
                <results>
                  <test-case description="Should detect invalid date" name="Public/Move-RubrikMountVMDK.Parameter/Date.Should detect invalid date" time="0.0424" asserts="0" success="True" result="Success" executed="True" />
                </results>
              </test-suite>
              <test-suite type="TestFixture" name="Parameter Validation" executed="True" result="Success" success="True" time="0.0289" asserts="0" description="Parameter Validation">
                <results>
                  <test-case description="Parameters SourceVM and Cleanup cannot be simultaneously used" name="Public/Move-RubrikMountVMDK.Parameter Validation.Parameters SourceVM and Cleanup cannot be simultaneously used" time="0.0035" asserts="0" success="True" result="Success" executed="True" />
                  <test-case description="Parameters TargetVM and Cleanup cannot be simultaneously used" name="Public/Move-RubrikMountVMDK.Parameter Validation.Parameters TargetVM and Cleanup cannot be simultaneously used" time="0.0035" asserts="0" success="True" result="Success" executed="True" />
                </results>
              </test-suite>
            </results>
          </test-suite>
        </results>
      </test-suite>
      <test-suite type="TestFixture" name="C:\projects\powershell-module\tests\New-RubrikAPIToken.Tests.ps1" executed="True" result="Success" success="True" time="0.3468" asserts="0" description="C:\projects\powershell-module\tests\New-RubrikAPIToken.Tests.ps1">
        <results>
          <test-suite type="TestFixture" name="Public/New-RubrikAPIToken" executed="True" result="Success" success="True" time="0.0671" asserts="0" description="Public/New-RubrikAPIToken">
            <results>
              <test-suite type="TestFixture" name="Parameter Validation" executed="True" result="Success" success="True" time="0.0511" asserts="0" description="Parameter Validation">
                <results>
                  <test-case description="Parameter Expiration cannot be $null" name="Public/New-RubrikAPIToken.Parameter Validation.Parameter Expiration cannot be $null" time="0.0068" asserts="0" success="True" result="Success" executed="True" />
                  <test-case description="Parameter Expiration cannot be empty" name="Public/New-RubrikAPIToken.Parameter Validation.Parameter Expiration cannot be empty" time="0.0039" asserts="0" success="True" result="Success" executed="True" />
[...]
                      <test-case description="Parse as PowerShell - Event Objects - Verify objectType Property" name="Private/Submit-Request.Method:Other-EventObject.Parse as PowerShell - Event Objects - Verify objectType Property" time="0.0271" asserts="0" success="True" result="Success" executed="True" />
                      <test-case description="Parse as PowerShell - Event Objects - Verify objectName Property" name="Private/Submit-Request.Method:Other-EventObject.Parse as PowerShell - Event Objects - Verify objectName Property" time="0.0308" asserts="0" success="True" result="Success" executed="True" />
                      <test-case description="Parse as PowerShell - Event Objects - Verify eventInfo Property" name="Private/Submit-Request.Method:Other-EventObject.Parse as PowerShell - Event Objects - Verify eventInfo Property" time="0.0314" asserts="0" success="True" result="Success" executed="True" />
                      <test-case description="Parse as PowerShell - Event Objects - Verify time Property" name="Private/Submit-Request.Method:Other-EventObject.Parse as PowerShell - Event Objects - Verify time Property" time="0.03" asserts="0" success="True" result="Success" executed="True" />
                      <test-case description="Parse as PowerShell - Event Objects - Verify eventType Property" name="Private/Submit-Request.Method:Other-EventObject.Parse as PowerShell - Event Objects - Verify eventType Property" time="0.0271" asserts="0" success="True" result="Success" executed="True" />
                      <test-case description="Parse as PowerShell - Event Objects - Verify eventStatus Property" name="Private/Submit-Request.Method:Other-EventObject.Parse as PowerShell - Event Objects - Verify eventStatus Property" time="0.027" asserts="0" success="True" result="Success" executed="True" />
                      <test-case description="Parse as PowerShell - Event Objects - Verify eventSeriesId Property" name="Private/Submit-Request.Method:Other-EventObject.Parse as PowerShell - Event Objects - Verify eventSeriesId Property" time="0.0334" asserts="0" success="True" result="Success" executed="True" />
                      <test-case description="Parse as PowerShell - Event Objects - Verify relatedIds Property" name="Private/Submit-Request.Method:Other-EventObject.Parse as PowerShell - Event Objects - Verify relatedIds Property" time="0.0307" asserts="0" success="True" result="Success" executed="True" />
                      <test-case description="Parse as PowerShell - Event Objects - Verify jobInstanceId Property" name="Private/Submit-Request.Method:Other-EventObject.Parse as PowerShell - Event Objects - Verify jobInstanceId Property" time="0.0313" asserts="0" success="True" result="Success" executed="True" />
                    </results>
                  </test-suite>
                </results>
              </test-suite>
              <test-suite type="TestFixture" name="Method:Other-SLAObject" executed="True" result="Success" success="True" time="1.456" asserts="0" description="Method:Other-SLAObject">
                <results>
                  <test-suite type="ParameterizedTest" name="Private/Submit-Request.Method:Other-SLAObject.Parse as PowerShell - SLA Object - Verify &lt;Property&gt; Property" executed="True" result="Success" success="True" time="1.1509" asserts="0" description="Parse as PowerShell - SLA Object - Verify &lt;Property&gt; Property">
                    <results>
                      <test-case description="Parse as PowerShell - SLA Object - Verify id Property" name="Private/Submit-Request.Method:Other-SLAObject.Parse as PowerShell - SLA Object - Verify id Property" time="0.0352" asserts="0" success="True" result="Success" executed="True" />
                      <test-case description="Parse as PowerShell - SLA Object - Verify primaryClusterId Property" name="Private/Submit-Request.Method:Other-SLAObject.Parse as PowerShell - SLA Object - Verify primaryClusterId Property" time="0.0341" asserts="0" success="True" result="Success" executed="True" />
                      <test-case description="Parse as PowerShell - SLA Object - Verify name Property" name="Private/Submit-Request.Method:Other-SLAObject.Parse as PowerShell - SLA Object - Verify name Property" time="0.0319" asserts="0" success="True" result="Success" executed="True" />
                      <test-case description="Parse as PowerShell - SLA Object - Verify polarisManagedId Property" name="Private/Submit-Request.Method:Other-SLAObject.Parse as PowerShell - SLA Object - Verify polarisManagedId Property" time="0.0336" asserts="0" success="True" result="Success" executed="True" />
                      <test-case description="Parse as PowerShell - SLA Object - Verify frequencies Property" name="Private/Submit-Request.Method:Other-SLAObject.Parse as PowerShell - SLA Object - Verify frequencies Property" time="0.036" asserts="0" success="True" result="Success" executed="True" />
                      <test-case description="Parse as PowerShell - SLA Object - Verify allowedBackupWindows Property" name="Private/Submit-Request.Method:Other-SLAObject.Parse as PowerShell - SLA Object - Verify allowedBackupWindows Property" time="0.0362" asserts="0" success="True" result="Success" executed="True" />
                      <test-case description="Parse as PowerShell - SLA Object - Verify firstFullAllowedBackupWindows Property" name="Private/Submit-Request.Method:Other-SLAObject.Parse as PowerShell - SLA Object - Verify firstFullAllowedBackupWindows Property" time="0.0344" asserts="0" success="True" result="Success" executed="True" />
                      <test-case description="Parse as PowerShell - SLA Object - Verify maxLocalRetentionLimit Property" name="Private/Submit-Request.Method:Other-SLAObject.Parse as PowerShell - SLA Object - Verify maxLocalRetentionLimit Property" time="0.0354" asserts="0" success="True" result="Success" executed="True" />
                      <test-case description="Parse as PowerShell - SLA Object - Verify archivalSpecs Property" name="Private/Submit-Request.Method:Other-SLAObject.Parse as PowerShell - SLA Object - Verify archivalSpecs Property" time="0.0296" asserts="0" success="True" result="Success" executed="True" />
                      <test-case description="Parse as PowerShell - SLA Object - Verify replicationSpecs Property" name="Private/Submit-Request.Method:Other-SLAObject.Parse as PowerShell - SLA Object - Verify replicationSpecs Property" time="0.0299" asserts="0" success="True" result="Success" executed="True" />
                      <test-case description="Parse as PowerShell - SLA Object - Verify numDbs Property" name="Private/Submit-Request.Method:Other-SLAObject.Parse as PowerShell - SLA Object - Verify numDbs Property" time="0.0328" asserts="0" success="True" result="Success" executed="True" />
                      <test-case description="Parse as PowerShell - SLA Object - Verify numOracleDbs Property" name="Private/Submit-Request.Method:Other-SLAObject.Parse as PowerShell - SLA Object - Verify numOracleDbs Property" time="0.0326" asserts="0" success="True" result="Success" executed="True" />
                      <test-case description="Parse as PowerShell - SLA Object - Verify numFilesets Property" name="Private/Submit-Request.Method:Other-SLAObject.Parse as PowerShell - SLA Object - Verify numFilesets Property" time="0.0324" asserts="0" success="True" result="Success" executed="True" />
                      <test-case description="Parse as PowerShell - SLA Object - Verify numHypervVms Property" name="Private/Submit-Request.Method:Other-SLAObject.Parse as PowerShell - SLA Object - Verify numHypervVms Property" time="0.0325" asserts="0" success="True" result="Success" executed="True" />
                      <test-case description="Parse as PowerShell - SLA Object - Verify numNutanixVms Property" name="Private/Submit-Request.Method:Other-SLAObject.Parse as PowerShell - SLA Object - Verify numNutanixVms Property" time="0.0329" asserts="0" success="True" result="Success" executed="True" />
                      <test-case description="Parse as PowerShell - SLA Object - Verify numManagedVolumes Property" name="Private/Submit-Request.Method:Other-SLAObject.Parse as PowerShell - SLA Object - Verify numManagedVolumes Property" time="0.0329" asserts="0" success="True" result="Success" executed="True" />
                      <test-case description="Parse as PowerShell - SLA Object - Verify numStorageArrayVolumeGroups Property" name="Private/Submit-Request.Method:Other-SLAObject.Parse as PowerShell - SLA Object - Verify numStorageArrayVolumeGroups Property" time="0.0349" asserts="0" success="True" result="Success" executed="True" />
                      <test-case description="Parse as PowerShell - SLA Object - Verify numWindowsVolumeGroups Property" name="Private/Submit-Request.Method:Other-SLAObject.Parse as PowerShell - SLA Object - Verify numWindowsVolumeGroups Property" time="0.0341" asserts="0" success="True" result="Success" executed="True" />
                      <test-case description="Parse as PowerShell - SLA Object - Verify numLinuxHosts Property" name="Private/Submit-Request.Method:Other-SLAObject.Parse as PowerShell - SLA Object - Verify numLinuxHosts Property" time="0.0309" asserts="0" success="True" result="Success" executed="True" />
                      <test-case description="Parse as PowerShell - SLA Object - Verify numShares Property" name="Private/Submit-Request.Method:Other-SLAObject.Parse as PowerShell - SLA Object - Verify numShares Property" time="0.0618" asserts="0" success="True" result="Success" executed="True" />
                      <test-case description="Parse as PowerShell - SLA Object - Verify numWindowsHosts Property" name="Private/Submit-Request.Method:Other-SLAObject.Parse as PowerShell - SLA Object - Verify numWindowsHosts Property" time="0.1943" asserts="0" success="True" result="Success" executed="True" />
                      <test-case description="Parse as PowerShell - SLA Object - Verify numVms Property" name="Private/Submit-Request.Method:Other-SLAObject.Parse as PowerShell - SLA Object - Verify numVms Property" time="0.0334" asserts="0" success="True" result="Success" executed="True" />
                      <test-case description="Parse as PowerShell - SLA Object - Verify numEc2Instances Property" name="Private/Submit-Request.Method:Other-SLAObject.Parse as PowerShell - SLA Object - Verify numEc2Instances Property" time="0.0348" asserts="0" success="True" result="Success" executed="True" />
                      <test-case description="Parse as PowerShell - SLA Object - Verify numVcdVapps Property" name="Private/Submit-Request.Method:Other-SLAObject.Parse as PowerShell - SLA Object - Verify numVcdVapps Property" time="0.0321" asserts="0" success="True" result="Success" executed="True" />
                      <test-case description="Parse as PowerShell - SLA Object - Verify numProtectedObjects Property" name="Private/Submit-Request.Method:Other-SLAObject.Parse as PowerShell - SLA Object - Verify numProtectedObjects Property" time="0.0285" asserts="0" success="True" result="Success" executed="True" />
                      <test-case description="Parse as PowerShell - SLA Object - Verify isDefault Property" name="Private/Submit-Request.Method:Other-SLAObject.Parse as PowerShell - SLA Object - Verify isDefault Property" time="0.0319" asserts="0" success="True" result="Success" executed="True" />
                      <test-case description="Parse as PowerShell - SLA Object - Verify uiColor Property" name="Private/Submit-Request.Method:Other-SLAObject.Parse as PowerShell - SLA Object - Verify uiColor Property" time="0.0373" asserts="0" success="True" result="Success" executed="True" />
                      <test-case description="Parse as PowerShell - SLA Object - Verify showAdvancedUi Property" name="Private/Submit-Request.Method:Other-SLAObject.Parse as PowerShell - SLA Object - Verify showAdvancedUi Property" time="0.0327" asserts="0" success="True" result="Success" executed="True" />
                      <test-case description="Parse as PowerShell - SLA Object - Verify advancedUiConfig Property" name="Private/Submit-Request.Method:Other-SLAObject.Parse as PowerShell - SLA Object - Verify advancedUiConfig Property" time="0.0317" asserts="0" success="True" result="Success" executed="True" />
                    </results>
                  </test-suite>
                </results>
              </test-suite>
              <test-suite type="TestFixture" name="Error:Route not defined" executed="True" result="Success" success="True" time="0.0525" asserts="0" description="Error:Route not defined">
                <results>
                  <test-case description="Should throw - Route not defined." name="Private/Submit-Request.Error:Route not defined.Should throw - Route not defined." time="0.0151" asserts="0" success="True" result="Success" executed="True" />
                </results>
              </test-suite>
            </results>
          </test-suite>
        </results>
      </test-suite>
      <test-suite type="TestFixture" name="C:\projects\powershell-module\tests\Sync-RubrikAnnotation.Tests.ps1" executed="True" result="Success" success="True" time="0.3143" asserts="0" description="C:\projects\powershell-module\tests\Sync-RubrikAnnotation.Tests.ps1">
        <results>
          <test-suite type="TestFixture" name="Public/Sync-RubrikAnnotation" executed="True" result="Success" success="True" time="0.0499" asserts="0" description="Public/Sync-RubrikAnnotation">
            <results>
              <test-suite type="TestFixture" name="Parameter Validation" executed="True" result="Success" success="True" time="0.0339" asserts="0" description="Parameter Validation">
                <results>
                  <test-case description="Parameter Name cannot be $null" name="Public/Sync-RubrikAnnotation.Parameter Validation.Parameter Name cannot be $null" time="0.0075" asserts="0" success="True" result="Success" executed="True" />
                  <test-case description="Parameter Name cannot be empty" name="Public/Sync-RubrikAnnotation.Parameter Validation.Parameter Name cannot be empty" time="0.0037" asserts="0" success="True" result="Success" executed="True" />
                </results>
              </test-suite>
            </results>
          </test-suite>
        </results>
      </test-suite>
      <test-suite type="TestFixture" name="C:\projects\powershell-module\tests\Update-RubrikHost.Tests.ps1" executed="True" result="Success" success="True" time="0.3706" asserts="0" description="C:\projects\powershell-module\tests\Update-RubrikHost.Tests.ps1">
        <results>
          <test-suite type="TestFixture" name="Public/Update-RubrikHost" executed="True" result="Success" success="True" time="0.1109" asserts="0" description="Public/Update-RubrikHost">
            <results>
              <test-suite type="TestFixture" name="Request Succeeds" executed="True" result="Success" success="True" time="0.0654" asserts="0" description="Request Succeeds">
                <results>
                  <test-case description="Should return proper hostname" name="Public/Update-RubrikHost.Request Succeeds.Should return proper hostname" time="0.0285" asserts="0" success="True" result="Success" executed="True" />
                </results>
              </test-suite>
              <test-suite type="TestFixture" name="Parameter Validation" executed="True" result="Success" success="True" time="0.0281" asserts="0" description="Parameter Validation">
                <results>
                  <test-case description="Parameter ID cannot be null" name="Public/Update-RubrikHost.Parameter Validation.Parameter ID cannot be null" time="0.0037" asserts="0" success="True" result="Success" executed="True" />
                  <test-case description="Parameter ID cannot be empty" name="Public/Update-RubrikHost.Parameter Validation.Parameter ID cannot be empty" time="0.0033" asserts="0" success="True" result="Success" executed="True" />
                </results>
              </test-suite>
            </results>
          </test-suite>
        </results>
      </test-suite>
      <test-suite type="TestFixture" name="C:\projects\powershell-module\tests\Update-RubrikvCenter.Tests.ps1" executed="True" result="Success" success="True" time="0.3692" asserts="0" description="C:\projects\powershell-module\tests\Update-RubrikvCenter.Tests.ps1">
        <results>
          <test-suite type="TestFixture" name="Public/Update-RubrikvCenter" executed="True" result="Success" success="True" time="0.1093" asserts="0" description="Public/Update-RubrikvCenter">
            <results>
              <test-suite type="TestFixture" name="Request Succeeds" executed="True" result="Success" success="True" time="0.0631" asserts="0" description="Request Succeeds">
                <results>
                  <test-case description="Should return QUEUED status" name="Public/Update-RubrikvCenter.Request Succeeds.Should return QUEUED status" time="0.0277" asserts="0" success="True" result="Success" executed="True" />
                </results>
              </test-suite>
              <test-suite type="TestFixture" name="Parameter Validation" executed="True" result="Success" success="True" time="0.0286" asserts="0" description="Parameter Validation">
                <results>
                  <test-case description="Parameter ID cannot be null" name="Public/Update-RubrikvCenter.Parameter Validation.Parameter ID cannot be null" time="0.0038" asserts="0" success="True" result="Success" executed="True" />
                  <test-case description="Parameter ID cannot be empty" name="Public/Update-RubrikvCenter.Parameter Validation.Parameter ID cannot be empty" time="0.0035" asserts="0" success="True" result="Success" executed="True" />
                </results>
              </test-suite>
            </results>
          </test-suite>
        </results>
      </test-suite>
      <test-suite type="TestFixture" name="C:\projects\powershell-module\tests\Update-RubrikVMwareVM.Tests.ps1" executed="True" result="Success" success="True" time="0.477" asserts="0" description="C:\projects\powershell-module\tests\Update-RubrikVMwareVM.Tests.ps1">
        <results>
          <test-suite type="TestFixture" name="Public/Update-RubrikVMwareVM" executed="True" result="Success" success="True" time="0.207" asserts="0" description="Public/Update-RubrikVMwareVM">
            <results>
              <test-suite type="TestFixture" name="Request Fails" executed="True" result="Success" success="True" time="0.0694" asserts="0" description="Request Fails">
                <results>
                  <test-case description="Invalid vCenter id" name="Public/Update-RubrikVMwareVM.Request Fails.Invalid vCenter id" time="0.0317" asserts="0" success="True" result="Success" executed="True" />
                </results>
              </test-suite>
              <test-suite type="TestFixture" name="Request Succeeds" executed="True" result="Success" success="True" time="0.1162" asserts="0" description="Request Succeeds">
                <results>
                  <test-case description="Get-TestVM should return id / vmmoid" name="Public/Update-RubrikVMwareVM.Request Succeeds.Get-TestVM should return id / vmmoid" time="0.0134" asserts="0" success="True" result="Success" executed="True" />
                  <test-case description="Valid execution based on Get-TestVM" name="Public/Update-RubrikVMwareVM.Request Succeeds.Valid execution based on Get-TestVM" time="0.0215" asserts="0" success="True" result="Success" executed="True" />
                </results>
              </test-suite>
            </results>
          </test-suite>
        </results>
      </test-suite>
    </results>
  </test-suite>
</test-results>